<?xml version="1.0" encoding="UTF-8"?>
<testng-results skipped="0" failed="1" total="4" passed="3">
  <reporter-output>
    <line>
      <![CDATA[21:29:04,470  INFO - Parse CLIs using JCommander
]]>
    </line>
    <line>
      <![CDATA[21:29:04,622 DEBUG - Test start
]]>
    </line>
    <line>
      <![CDATA[21:29:05,634  INFO - TEST START Yandex disk tests
]]>
    </line>
    <line>
      <![CDATA[21:29:56,108  INFO - Browser navigate to https://www.yandex.by/
]]>
    </line>
    <line>
      <![CDATA[21:29:56,780  INFO - Screenshot taken: file:///D:\EPAM\TAT2\logs\screenshots\258323877603729.png
]]>
    </line>
    <line>
      <![CDATA[21:29:56,781  INFO - Before find By.xpath: //input[@name='login']
]]>
    </line>
    <line>
      <![CDATA[21:29:59,792  INFO - Before find By.xpath: //input[@name='passwd']
]]>
    </line>
    <line>
      <![CDATA[21:30:00,175  INFO - Before find By.xpath: //button[@class='button auth__button domik2__auth-button button_theme_bordergray button_size_m i-bem button_js_inited auth__button_color_yellow']
]]>
    </line>
    <line>
      <![CDATA[21:30:00,247  INFO - Before click on [[FirefoxDriver: firefox on WINDOWS (71ea1b51-b821-40b3-9296-9cb2663a26b0)] -> xpath: //button[@class='button auth__button domik2__auth-button button_theme_bordergray button_size_m i-bem button_js_inited auth__button_color_yellow']]
]]>
    </line>
    <line>
      <![CDATA[21:30:01,102  INFO - Before find By.xpath: //a[@data-id='disk']
]]>
    </line>
    <line>
      <![CDATA[21:30:04,648  INFO - Driver has exception org.openqa.selenium.NoSuchElementException: Unable to locate element: {"method":"xpath","selector":"//a[@data-id='disk']"}
Command duration or timeout: 3.49 seconds
For documentation on this error, please visit: http://seleniumhq.org/exceptions/no_such_element.html
Build info: version: '2.53.1', revision: 'a36b8b1cd5757287168e54b817830adce9b0158d', time: '2016-06-30 19:26:09'
System info: host: 'Magistr-PC', ip: '192.168.1.4', os.name: 'Windows 10', os.arch: 'amd64', os.version: '10.0', java.version: '1.8.0_101'
Driver info: org.openqa.selenium.firefox.FirefoxDriver
Capabilities [{applicationCacheEnabled=true, rotatable=false, handlesAlerts=true, databaseEnabled=true, version=47.0.1, platform=WINDOWS, nativeEvents=false, acceptSslCerts=true, webStorageEnabled=true, locationContextEnabled=true, browserName=firefox, takesScreenshot=true, javascriptEnabled=true, cssSelectorsEnabled=true}]
Session ID: 71ea1b51-b821-40b3-9296-9cb2663a26b0
*** Element info: {Using=xpath, value=//a[@data-id='disk']}
]]>
    </line>
    <line>
      <![CDATA[21:30:04,802  INFO - Screenshot taken: file:///D:\EPAM\TAT2\logs\screenshots\258332417395949.png
]]>
    </line>
    <line>
      <![CDATA[21:30:05,303  INFO - Before find By.xpath: //a[@data-id='disk']
]]>
    </line>
    <line>
      <![CDATA[21:30:06,375  INFO - Driver has exception org.openqa.selenium.NoSuchElementException: Unable to locate element: {"method":"xpath","selector":"//a[@data-id='disk']"}
Command duration or timeout: 1.07 seconds
For documentation on this error, please visit: http://seleniumhq.org/exceptions/no_such_element.html
Build info: version: '2.53.1', revision: 'a36b8b1cd5757287168e54b817830adce9b0158d', time: '2016-06-30 19:26:09'
System info: host: 'Magistr-PC', ip: '192.168.1.4', os.name: 'Windows 10', os.arch: 'amd64', os.version: '10.0', java.version: '1.8.0_101'
Driver info: org.openqa.selenium.firefox.FirefoxDriver
Capabilities [{applicationCacheEnabled=true, rotatable=false, handlesAlerts=true, databaseEnabled=true, version=47.0.1, platform=WINDOWS, nativeEvents=false, acceptSslCerts=true, webStorageEnabled=true, locationContextEnabled=true, browserName=firefox, takesScreenshot=true, javascriptEnabled=true, cssSelectorsEnabled=true}]
Session ID: 71ea1b51-b821-40b3-9296-9cb2663a26b0
*** Element info: {Using=xpath, value=//a[@data-id='disk']}
]]>
    </line>
    <line>
      <![CDATA[21:30:06,590  INFO - Screenshot taken: file:///D:\EPAM\TAT2\logs\screenshots\258334144279201.png
]]>
    </line>
    <line>
      <![CDATA[21:30:07,090  INFO - Before find By.xpath: //a[@data-id='disk']
]]>
    </line>
    <line>
      <![CDATA[21:30:09,564  INFO - Driver has exception org.openqa.selenium.NoSuchElementException: Unable to locate element: {"method":"xpath","selector":"//a[@data-id='disk']"}
Command duration or timeout: 2.47 seconds
For documentation on this error, please visit: http://seleniumhq.org/exceptions/no_such_element.html
Build info: version: '2.53.1', revision: 'a36b8b1cd5757287168e54b817830adce9b0158d', time: '2016-06-30 19:26:09'
System info: host: 'Magistr-PC', ip: '192.168.1.4', os.name: 'Windows 10', os.arch: 'amd64', os.version: '10.0', java.version: '1.8.0_101'
Driver info: org.openqa.selenium.firefox.FirefoxDriver
Capabilities [{applicationCacheEnabled=true, rotatable=false, handlesAlerts=true, databaseEnabled=true, version=47.0.1, platform=WINDOWS, nativeEvents=false, acceptSslCerts=true, webStorageEnabled=true, locationContextEnabled=true, browserName=firefox, takesScreenshot=true, javascriptEnabled=true, cssSelectorsEnabled=true}]
Session ID: 71ea1b51-b821-40b3-9296-9cb2663a26b0
*** Element info: {Using=xpath, value=//a[@data-id='disk']}
]]>
    </line>
    <line>
      <![CDATA[21:30:13,156  INFO - Screenshot taken: file:///D:\EPAM\TAT2\logs\screenshots\258337333326044.png
]]>
    </line>
    <line>
      <![CDATA[21:30:13,656  INFO - Before find By.xpath: //a[@data-id='disk']
]]>
    </line>
    <line>
      <![CDATA[21:30:13,782  INFO - Before find By.xpath: //a[@data-id='disk']
]]>
    </line>
    <line>
      <![CDATA[21:30:13,933  INFO - Before find By.xpath: //a[@data-id='disk']
]]>
    </line>
    <line>
      <![CDATA[21:30:14,287  INFO - Before find By.xpath: //input[@type='file']
]]>
    </line>
    <line>
      <![CDATA[21:30:18,710  INFO - Before find By.xpath: //input[@type='file']
]]>
    </line>
    <line>
      <![CDATA[21:30:19,573  INFO - Before find By.xpath: //button[@class=' nb-button _nb-small-button b-dialog-upload__button-close ns-action js-hide']
]]>
    </line>
    <line>
      <![CDATA[21:30:23,003  INFO - Before find By.xpath: //button[@class=' nb-button _nb-small-button b-dialog-upload__button-close ns-action js-hide']
]]>
    </line>
    <line>
      <![CDATA[21:30:23,554  INFO - Before find By.xpath: //button[@class=' nb-button _nb-small-button b-dialog-upload__button-close ns-action js-hide']
]]>
    </line>
    <line>
      <![CDATA[21:30:24,111  INFO - Before find By.xpath: //button[@class=' nb-button _nb-small-button b-dialog-upload__button-close ns-action js-hide']
]]>
    </line>
    <line>
      <![CDATA[21:30:24,688  INFO - Before find By.xpath: //button[@class=' nb-button _nb-small-button b-dialog-upload__button-close ns-action js-hide']
]]>
    </line>
    <line>
      <![CDATA[21:30:24,777  INFO - Before find By.xpath: //button[@class=' nb-button _nb-small-button b-dialog-upload__button-close ns-action js-hide']
]]>
    </line>
    <line>
      <![CDATA[21:30:24,825  INFO - Before click on [[FirefoxDriver: firefox on WINDOWS (71ea1b51-b821-40b3-9296-9cb2663a26b0)] -> xpath: //button[@class=' nb-button _nb-small-button b-dialog-upload__button-close ns-action js-hide']]
]]>
    </line>
    <line>
      <![CDATA[21:30:25,251  INFO - Before find By.xpath: //div[contains(text(), 'Корз')]
]]>
    </line>
    <line>
      <![CDATA[21:30:25,410  INFO - Before find By.xpath: //div[@title='57.txt']
]]>
    </line>
    <line>
      <![CDATA[21:30:25,478  INFO - Before find By.xpath: //div[contains(text(), 'Корз')]
]]>
    </line>
    <line>
      <![CDATA[21:30:26,351  INFO - Before find By.xpath: //div[contains(text(), 'Корз')]
]]>
    </line>
    <line>
      <![CDATA[21:30:27,069  INFO - Before find By.xpath: //div[@title='57.txt']
]]>
    </line>
    <line>
      <![CDATA[21:30:27,967  INFO - Before find By.xpath: //div[@title='57.txt']
]]>
    </line>
    <line>
      <![CDATA[21:30:28,000  INFO - Before click on [[FirefoxDriver: firefox on WINDOWS (71ea1b51-b821-40b3-9296-9cb2663a26b0)] -> xpath: //div[@title='57.txt']]
]]>
    </line>
    <line>
      <![CDATA[21:30:28,174  INFO - Before find By.xpath: //button[@data-click-action='resource.restore']
]]>
    </line>
    <line>
      <![CDATA[21:30:28,442  INFO - Before find By.xpath: //button[@data-click-action='resource.restore']
]]>
    </line>
    <line>
      <![CDATA[21:30:28,471  INFO - Before click on [[FirefoxDriver: firefox on WINDOWS (71ea1b51-b821-40b3-9296-9cb2663a26b0)] -> xpath: //button[@data-click-action='resource.restore']]
]]>
    </line>
    <line>
      <![CDATA[21:30:28,680  INFO - Before find By.xpath: //*[@title='Яндекс.Диск']
]]>
    </line>
    <line>
      <![CDATA[21:30:28,891  INFO - Before click on [[FirefoxDriver: firefox on WINDOWS (71ea1b51-b821-40b3-9296-9cb2663a26b0)] -> xpath: //*[@title='Яндекс.Диск']]
]]>
    </line>
    <line>
      <![CDATA[21:30:29,994  INFO - Before find By.xpath: //*[contains(text(), '57.txt')]
]]>
    </line>
    <line>
      <![CDATA[21:30:30,388  INFO - Before find By.xpath: //*[contains(text(), '57.txt')]
]]>
    </line>
    <line>
      <![CDATA[21:30:49,988  INFO - Browser navigate to https://www.yandex.by/
]]>
    </line>
    <line>
      <![CDATA[21:30:50,327  INFO - Screenshot taken: file:///D:\EPAM\TAT2\logs\screenshots\258377757472503.png
]]>
    </line>
    <line>
      <![CDATA[21:30:50,327  INFO - Before find By.xpath: //input[@name='login']
]]>
    </line>
    <line>
      <![CDATA[21:30:50,773  INFO - Before find By.xpath: //input[@name='passwd']
]]>
    </line>
    <line>
      <![CDATA[21:30:51,324  INFO - Before find By.xpath: //button[@class='button auth__button domik2__auth-button button_theme_bordergray button_size_m i-bem button_js_inited auth__button_color_yellow']
]]>
    </line>
    <line>
      <![CDATA[21:30:51,360  INFO - Before click on [[FirefoxDriver: firefox on WINDOWS (0a6d2df0-c0c0-4b8b-ac36-ad40c30b07ce)] -> xpath: //button[@class='button auth__button domik2__auth-button button_theme_bordergray button_size_m i-bem button_js_inited auth__button_color_yellow']]
]]>
    </line>
    <line>
      <![CDATA[21:30:52,539  INFO - Before find By.xpath: //a[@data-id='disk']
]]>
    </line>
    <line>
      <![CDATA[21:30:55,738  INFO - Driver has exception org.openqa.selenium.NoSuchElementException: Unable to locate element: {"method":"xpath","selector":"//a[@data-id='disk']"}
Command duration or timeout: 3.20 seconds
For documentation on this error, please visit: http://seleniumhq.org/exceptions/no_such_element.html
Build info: version: '2.53.1', revision: 'a36b8b1cd5757287168e54b817830adce9b0158d', time: '2016-06-30 19:26:09'
System info: host: 'Magistr-PC', ip: '192.168.1.4', os.name: 'Windows 10', os.arch: 'amd64', os.version: '10.0', java.version: '1.8.0_101'
Driver info: org.openqa.selenium.firefox.FirefoxDriver
Capabilities [{applicationCacheEnabled=true, rotatable=false, handlesAlerts=true, databaseEnabled=true, version=47.0.1, platform=WINDOWS, nativeEvents=false, acceptSslCerts=true, webStorageEnabled=true, locationContextEnabled=true, browserName=firefox, takesScreenshot=true, javascriptEnabled=true, cssSelectorsEnabled=true}]
Session ID: 0a6d2df0-c0c0-4b8b-ac36-ad40c30b07ce
*** Element info: {Using=xpath, value=//a[@data-id='disk']}
]]>
    </line>
    <line>
      <![CDATA[21:30:55,854  INFO - Screenshot taken: file:///D:\EPAM\TAT2\logs\screenshots\258383507762996.png
]]>
    </line>
    <line>
      <![CDATA[21:30:56,354  INFO - Before find By.xpath: //a[@data-id='disk']
]]>
    </line>
    <line>
      <![CDATA[21:30:58,856  INFO - Driver has exception org.openqa.selenium.NoSuchElementException: Unable to locate element: {"method":"xpath","selector":"//a[@data-id='disk']"}
Command duration or timeout: 2.50 seconds
For documentation on this error, please visit: http://seleniumhq.org/exceptions/no_such_element.html
Build info: version: '2.53.1', revision: 'a36b8b1cd5757287168e54b817830adce9b0158d', time: '2016-06-30 19:26:09'
System info: host: 'Magistr-PC', ip: '192.168.1.4', os.name: 'Windows 10', os.arch: 'amd64', os.version: '10.0', java.version: '1.8.0_101'
Driver info: org.openqa.selenium.firefox.FirefoxDriver
Capabilities [{applicationCacheEnabled=true, rotatable=false, handlesAlerts=true, databaseEnabled=true, version=47.0.1, platform=WINDOWS, nativeEvents=false, acceptSslCerts=true, webStorageEnabled=true, locationContextEnabled=true, browserName=firefox, takesScreenshot=true, javascriptEnabled=true, cssSelectorsEnabled=true}]
Session ID: 0a6d2df0-c0c0-4b8b-ac36-ad40c30b07ce
*** Element info: {Using=xpath, value=//a[@data-id='disk']}
]]>
    </line>
    <line>
      <![CDATA[21:31:03,083  INFO - Screenshot taken: file:///D:\EPAM\TAT2\logs\screenshots\258386626163311.png
]]>
    </line>
    <line>
      <![CDATA[21:31:03,584  INFO - Before find By.xpath: //a[@data-id='disk']
]]>
    </line>
    <line>
      <![CDATA[21:31:03,688  INFO - Before find By.xpath: //a[@data-id='disk']
]]>
    </line>
    <line>
      <![CDATA[21:31:03,748  INFO - Before find By.xpath: //a[@data-id='disk']
]]>
    </line>
    <line>
      <![CDATA[21:31:04,150  INFO - Before find By.xpath: //input[@type='file']
]]>
    </line>
    <line>
      <![CDATA[21:31:08,787  INFO - Driver has exception org.openqa.selenium.NoSuchElementException: Unable to locate element: {"method":"xpath","selector":"//input[@type='file']"}
Command duration or timeout: 4.64 seconds
For documentation on this error, please visit: http://seleniumhq.org/exceptions/no_such_element.html
Build info: version: '2.53.1', revision: 'a36b8b1cd5757287168e54b817830adce9b0158d', time: '2016-06-30 19:26:09'
System info: host: 'Magistr-PC', ip: '192.168.1.4', os.name: 'Windows 10', os.arch: 'amd64', os.version: '10.0', java.version: '1.8.0_101'
Driver info: org.openqa.selenium.firefox.FirefoxDriver
Capabilities [{applicationCacheEnabled=true, rotatable=false, handlesAlerts=true, databaseEnabled=true, version=47.0.1, platform=WINDOWS, nativeEvents=false, acceptSslCerts=true, webStorageEnabled=true, locationContextEnabled=true, browserName=firefox, takesScreenshot=true, javascriptEnabled=true, cssSelectorsEnabled=true}]
Session ID: 0a6d2df0-c0c0-4b8b-ac36-ad40c30b07ce
*** Element info: {Using=xpath, value=//input[@type='file']}
]]>
    </line>
    <line>
      <![CDATA[21:31:09,531  INFO - Screenshot taken: file:///D:\EPAM\TAT2\logs\screenshots\258396556456535.png
]]>
    </line>
    <line>
      <![CDATA[21:31:10,031  INFO - Before find By.xpath: //input[@type='file']
]]>
    </line>
    <line>
      <![CDATA[21:31:11,369  INFO - Before find By.xpath: //input[@type='file']
]]>
    </line>
    <line>
      <![CDATA[21:31:11,529  INFO - Before find By.xpath: //button[@class=' nb-button _nb-small-button b-dialog-upload__button-close ns-action js-hide']
]]>
    </line>
    <line>
      <![CDATA[21:31:12,663  INFO - Before find By.xpath: //button[@class=' nb-button _nb-small-button b-dialog-upload__button-close ns-action js-hide']
]]>
    </line>
    <line>
      <![CDATA[21:31:12,844  INFO - Before find By.xpath: //button[@class=' nb-button _nb-small-button b-dialog-upload__button-close ns-action js-hide']
]]>
    </line>
    <line>
      <![CDATA[21:31:12,874  INFO - Before click on [[FirefoxDriver: firefox on WINDOWS (0a6d2df0-c0c0-4b8b-ac36-ad40c30b07ce)] -> xpath: //button[@class=' nb-button _nb-small-button b-dialog-upload__button-close ns-action js-hide']]
]]>
    </line>
    <line>
      <![CDATA[21:31:13,118  INFO - Before find By.xpath: //input[@type='file']
]]>
    </line>
    <line>
      <![CDATA[21:31:13,287  INFO - Before find By.xpath: //input[@type='file']
]]>
    </line>
    <line>
      <![CDATA[21:31:13,398  INFO - Before find By.xpath: //button[@class=' nb-button _nb-small-button b-dialog-upload__button-close ns-action js-hide']
]]>
    </line>
    <line>
      <![CDATA[21:31:14,153  INFO - Before find By.xpath: //button[@class=' nb-button _nb-small-button b-dialog-upload__button-close ns-action js-hide']
]]>
    </line>
    <line>
      <![CDATA[21:31:14,442  INFO - Before find By.xpath: //button[@class=' nb-button _nb-small-button b-dialog-upload__button-close ns-action js-hide']
]]>
    </line>
    <line>
      <![CDATA[21:31:14,507  INFO - Before click on [[FirefoxDriver: firefox on WINDOWS (0a6d2df0-c0c0-4b8b-ac36-ad40c30b07ce)] -> xpath: //button[@class=' nb-button _nb-small-button b-dialog-upload__button-close ns-action js-hide']]
]]>
    </line>
    <line>
      <![CDATA[21:31:14,718  INFO - Before find By.xpath: //input[@type='file']
]]>
    </line>
    <line>
      <![CDATA[21:31:15,096  INFO - Before find By.xpath: //input[@type='file']
]]>
    </line>
    <line>
      <![CDATA[21:31:15,491  INFO - Before find By.xpath: //button[@class=' nb-button _nb-small-button b-dialog-upload__button-close ns-action js-hide']
]]>
    </line>
    <line>
      <![CDATA[21:31:16,202  INFO - Before find By.xpath: //button[@class=' nb-button _nb-small-button b-dialog-upload__button-close ns-action js-hide']
]]>
    </line>
    <line>
      <![CDATA[21:31:16,340  INFO - Before click on [[FirefoxDriver: firefox on WINDOWS (0a6d2df0-c0c0-4b8b-ac36-ad40c30b07ce)] -> xpath: //button[@class=' nb-button _nb-small-button b-dialog-upload__button-close ns-action js-hide']]
]]>
    </line>
    <line>
      <![CDATA[21:31:16,529  INFO - Before find By.xpath: //div[@title='YN.txt']
]]>
    </line>
    <line>
      <![CDATA[21:31:16,632  INFO - Before find By.xpath: //div[@title='dz.txt']
]]>
    </line>
    <line>
      <![CDATA[21:31:16,670  INFO - Before find By.xpath: //div[@title='Gb.txt']
]]>
    </line>
    <line>
      <![CDATA[21:31:17,997  INFO - Before find By.xpath: //div[contains(text(), 'Корз')]
]]>
    </line>
    <line>
      <![CDATA[21:31:18,027  INFO - Before find By.xpath: //div[@title='YN.txt']
]]>
    </line>
    <line>
      <![CDATA[21:31:18,048  INFO - Before find By.xpath: //div[contains(text(), 'Корз')]
]]>
    </line>
    <line>
      <![CDATA[21:31:18,558  INFO - Before find By.xpath: //div[contains(text(), 'Корз')]
]]>
    </line>
    <line>
      <![CDATA[21:31:19,148  INFO - Before find By.xpath: //*[contains(text(), 'YN.txt')]
]]>
    </line>
    <line>
      <![CDATA[21:31:20,432  INFO - Driver has exception org.openqa.selenium.NoSuchElementException: Unable to locate element: {"method":"xpath","selector":"//*[contains(text(), 'YN.txt')]"}
Command duration or timeout: 1.28 seconds
For documentation on this error, please visit: http://seleniumhq.org/exceptions/no_such_element.html
Build info: version: '2.53.1', revision: 'a36b8b1cd5757287168e54b817830adce9b0158d', time: '2016-06-30 19:26:09'
System info: host: 'Magistr-PC', ip: '192.168.1.4', os.name: 'Windows 10', os.arch: 'amd64', os.version: '10.0', java.version: '1.8.0_101'
Driver info: org.openqa.selenium.firefox.FirefoxDriver
Capabilities [{applicationCacheEnabled=true, rotatable=false, handlesAlerts=true, databaseEnabled=true, version=47.0.1, platform=WINDOWS, nativeEvents=false, acceptSslCerts=true, webStorageEnabled=true, locationContextEnabled=true, browserName=firefox, takesScreenshot=true, javascriptEnabled=true, cssSelectorsEnabled=true}]
Session ID: 0a6d2df0-c0c0-4b8b-ac36-ad40c30b07ce
*** Element info: {Using=xpath, value=//*[contains(text(), 'YN.txt')]}
]]>
    </line>
    <line>
      <![CDATA[21:31:20,577  INFO - Screenshot taken: file:///D:\EPAM\TAT2\logs\screenshots\258408201713419.png
]]>
    </line>
    <line>
      <![CDATA[21:31:21,078  INFO - Before find By.xpath: //*[contains(text(), 'YN.txt')]
]]>
    </line>
    <line>
      <![CDATA[21:31:22,154  INFO - Driver has exception org.openqa.selenium.NoSuchElementException: Unable to locate element: {"method":"xpath","selector":"//*[contains(text(), 'YN.txt')]"}
Command duration or timeout: 1.08 seconds
For documentation on this error, please visit: http://seleniumhq.org/exceptions/no_such_element.html
Build info: version: '2.53.1', revision: 'a36b8b1cd5757287168e54b817830adce9b0158d', time: '2016-06-30 19:26:09'
System info: host: 'Magistr-PC', ip: '192.168.1.4', os.name: 'Windows 10', os.arch: 'amd64', os.version: '10.0', java.version: '1.8.0_101'
Driver info: org.openqa.selenium.firefox.FirefoxDriver
Capabilities [{applicationCacheEnabled=true, rotatable=false, handlesAlerts=true, databaseEnabled=true, version=47.0.1, platform=WINDOWS, nativeEvents=false, acceptSslCerts=true, webStorageEnabled=true, locationContextEnabled=true, browserName=firefox, takesScreenshot=true, javascriptEnabled=true, cssSelectorsEnabled=true}]
Session ID: 0a6d2df0-c0c0-4b8b-ac36-ad40c30b07ce
*** Element info: {Using=xpath, value=//*[contains(text(), 'YN.txt')]}
]]>
    </line>
    <line>
      <![CDATA[21:31:22,287  INFO - Screenshot taken: file:///D:\EPAM\TAT2\logs\screenshots\258409923619019.png
]]>
    </line>
    <line>
      <![CDATA[21:31:22,788  INFO - Before find By.xpath: //*[contains(text(), 'YN.txt')]
]]>
    </line>
    <line>
      <![CDATA[21:31:23,778  INFO - Before find By.xpath: //*[contains(text(), 'YN.txt')]
]]>
    </line>
    <line>
      <![CDATA[21:31:23,865  INFO - Before find By.xpath: //*[contains(text(), 'dz.txt')]
]]>
    </line>
    <line>
      <![CDATA[21:31:24,028  INFO - Before find By.xpath: //*[contains(text(), 'dz.txt')]
]]>
    </line>
    <line>
      <![CDATA[21:31:24,117  INFO - Before find By.xpath: //*[contains(text(), 'Gb.txt')]
]]>
    </line>
    <line>
      <![CDATA[21:31:24,144  INFO - Before find By.xpath: //*[contains(text(), 'Gb.txt')]
]]>
    </line>
    <line>
      <![CDATA[21:31:42,421  INFO - Browser navigate to https://www.yandex.by/
]]>
    </line>
    <line>
      <![CDATA[21:31:42,751  INFO - Screenshot taken: file:///D:\EPAM\TAT2\logs\screenshots\258430189943757.png
]]>
    </line>
    <line>
      <![CDATA[21:31:42,751  INFO - Before find By.xpath: //input[@name='login']
]]>
    </line>
    <line>
      <![CDATA[21:31:43,299  INFO - Before find By.xpath: //input[@name='passwd']
]]>
    </line>
    <line>
      <![CDATA[21:31:43,510  INFO - Before find By.xpath: //button[@class='button auth__button domik2__auth-button button_theme_bordergray button_size_m i-bem button_js_inited auth__button_color_yellow']
]]>
    </line>
    <line>
      <![CDATA[21:31:43,551  INFO - Before click on [[FirefoxDriver: firefox on WINDOWS (2fd8a99d-0bc7-4ed8-bf8e-630a0d8be9b9)] -> xpath: //button[@class='button auth__button domik2__auth-button button_theme_bordergray button_size_m i-bem button_js_inited auth__button_color_yellow']]
]]>
    </line>
    <line>
      <![CDATA[21:31:46,497  INFO - Before find By.xpath: //a[@data-id='disk']
]]>
    </line>
    <line>
      <![CDATA[21:31:47,654  INFO - Driver has exception org.openqa.selenium.NoSuchElementException: Unable to locate element: {"method":"xpath","selector":"//a[@data-id='disk']"}
Command duration or timeout: 1.16 seconds
For documentation on this error, please visit: http://seleniumhq.org/exceptions/no_such_element.html
Build info: version: '2.53.1', revision: 'a36b8b1cd5757287168e54b817830adce9b0158d', time: '2016-06-30 19:26:09'
System info: host: 'Magistr-PC', ip: '192.168.1.4', os.name: 'Windows 10', os.arch: 'amd64', os.version: '10.0', java.version: '1.8.0_101'
Driver info: org.openqa.selenium.firefox.FirefoxDriver
Capabilities [{applicationCacheEnabled=true, rotatable=false, handlesAlerts=true, databaseEnabled=true, version=47.0.1, platform=WINDOWS, nativeEvents=false, acceptSslCerts=true, webStorageEnabled=true, locationContextEnabled=true, browserName=firefox, takesScreenshot=true, javascriptEnabled=true, cssSelectorsEnabled=true}]
Session ID: 2fd8a99d-0bc7-4ed8-bf8e-630a0d8be9b9
*** Element info: {Using=xpath, value=//a[@data-id='disk']}
]]>
    </line>
    <line>
      <![CDATA[21:31:47,764  INFO - Screenshot taken: file:///D:\EPAM\TAT2\logs\screenshots\258435423815358.png
]]>
    </line>
    <line>
      <![CDATA[21:31:48,265  INFO - Before find By.xpath: //a[@data-id='disk']
]]>
    </line>
    <line>
      <![CDATA[21:31:50,236  INFO - Driver has exception org.openqa.selenium.NoSuchElementException: Unable to locate element: {"method":"xpath","selector":"//a[@data-id='disk']"}
Command duration or timeout: 1.97 seconds
For documentation on this error, please visit: http://seleniumhq.org/exceptions/no_such_element.html
Build info: version: '2.53.1', revision: 'a36b8b1cd5757287168e54b817830adce9b0158d', time: '2016-06-30 19:26:09'
System info: host: 'Magistr-PC', ip: '192.168.1.4', os.name: 'Windows 10', os.arch: 'amd64', os.version: '10.0', java.version: '1.8.0_101'
Driver info: org.openqa.selenium.firefox.FirefoxDriver
Capabilities [{applicationCacheEnabled=true, rotatable=false, handlesAlerts=true, databaseEnabled=true, version=47.0.1, platform=WINDOWS, nativeEvents=false, acceptSslCerts=true, webStorageEnabled=true, locationContextEnabled=true, browserName=firefox, takesScreenshot=true, javascriptEnabled=true, cssSelectorsEnabled=true}]
Session ID: 2fd8a99d-0bc7-4ed8-bf8e-630a0d8be9b9
*** Element info: {Using=xpath, value=//a[@data-id='disk']}
]]>
    </line>
    <line>
      <![CDATA[21:31:53,151  INFO - Screenshot taken: file:///D:\EPAM\TAT2\logs\screenshots\258438005697415.png
]]>
    </line>
    <line>
      <![CDATA[21:31:53,652  INFO - Before find By.xpath: //a[@data-id='disk']
]]>
    </line>
    <line>
      <![CDATA[21:31:53,707  INFO - Before find By.xpath: //a[@data-id='disk']
]]>
    </line>
    <line>
      <![CDATA[21:31:53,755  INFO - Before find By.xpath: //a[@data-id='disk']
]]>
    </line>
    <line>
      <![CDATA[21:31:54,027  INFO - Before find By.xpath: //input[@type='file']
]]>
    </line>
    <line>
      <![CDATA[21:31:58,512  INFO - Before find By.xpath: //input[@type='file']
]]>
    </line>
    <line>
      <![CDATA[21:31:59,140  INFO - Before find By.xpath: //button[@class=' nb-button _nb-small-button b-dialog-upload__button-close ns-action js-hide']
]]>
    </line>
    <line>
      <![CDATA[21:32:02,888  INFO - Before find By.xpath: //button[@class=' nb-button _nb-small-button b-dialog-upload__button-close ns-action js-hide']
]]>
    </line>
    <line>
      <![CDATA[21:32:03,465  INFO - Before find By.xpath: //button[@class=' nb-button _nb-small-button b-dialog-upload__button-close ns-action js-hide']
]]>
    </line>
    <line>
      <![CDATA[21:32:04,226  INFO - Before find By.xpath: //button[@class=' nb-button _nb-small-button b-dialog-upload__button-close ns-action js-hide']
]]>
    </line>
    <line>
      <![CDATA[21:32:04,769  INFO - Before find By.xpath: //button[@class=' nb-button _nb-small-button b-dialog-upload__button-close ns-action js-hide']
]]>
    </line>
    <line>
      <![CDATA[21:32:04,830  INFO - Before find By.xpath: //button[@class=' nb-button _nb-small-button b-dialog-upload__button-close ns-action js-hide']
]]>
    </line>
    <line>
      <![CDATA[21:32:04,854  INFO - Before click on [[FirefoxDriver: firefox on WINDOWS (2fd8a99d-0bc7-4ed8-bf8e-630a0d8be9b9)] -> xpath: //button[@class=' nb-button _nb-small-button b-dialog-upload__button-close ns-action js-hide']]
]]>
    </line>
    <line>
      <![CDATA[21:32:05,078  INFO - Before find By.xpath: //div[contains(text(), 'Корз')]
]]>
    </line>
    <line>
      <![CDATA[21:32:05,243  INFO - Before find By.xpath: //div[@title='P7.txt']
]]>
    </line>
    <line>
      <![CDATA[21:32:05,275  INFO - Before find By.xpath: //div[contains(text(), 'Корз')]
]]>
    </line>
    <line>
      <![CDATA[21:32:06,001  INFO - Before find By.xpath: //div[contains(text(), 'Корз')]
]]>
    </line>
    <line>
      <![CDATA[21:32:06,765  INFO - Before find By.xpath: //div[@title='P7.txt']
]]>
    </line>
    <line>
      <![CDATA[21:32:07,967  INFO - Driver has exception org.openqa.selenium.NoSuchElementException: Unable to locate element: {"method":"xpath","selector":"//div[@title='P7.txt']"}
Command duration or timeout: 1.20 seconds
For documentation on this error, please visit: http://seleniumhq.org/exceptions/no_such_element.html
Build info: version: '2.53.1', revision: 'a36b8b1cd5757287168e54b817830adce9b0158d', time: '2016-06-30 19:26:09'
System info: host: 'Magistr-PC', ip: '192.168.1.4', os.name: 'Windows 10', os.arch: 'amd64', os.version: '10.0', java.version: '1.8.0_101'
Driver info: org.openqa.selenium.firefox.FirefoxDriver
Capabilities [{applicationCacheEnabled=true, rotatable=false, handlesAlerts=true, databaseEnabled=true, version=47.0.1, platform=WINDOWS, nativeEvents=false, acceptSslCerts=true, webStorageEnabled=true, locationContextEnabled=true, browserName=firefox, takesScreenshot=true, javascriptEnabled=true, cssSelectorsEnabled=true}]
Session ID: 2fd8a99d-0bc7-4ed8-bf8e-630a0d8be9b9
*** Element info: {Using=xpath, value=//div[@title='P7.txt']}
]]>
    </line>
    <line>
      <![CDATA[21:32:08,116  INFO - Screenshot taken: file:///D:\EPAM\TAT2\logs\screenshots\258455736375376.png
]]>
    </line>
    <line>
      <![CDATA[21:32:08,616  INFO - Before find By.xpath: //div[@title='P7.txt']
]]>
    </line>
    <line>
      <![CDATA[21:32:08,755  INFO - Before find By.xpath: //div[@title='P7.txt']
]]>
    </line>
    <line>
      <![CDATA[21:32:08,783  INFO - Before click on [[FirefoxDriver: firefox on WINDOWS (2fd8a99d-0bc7-4ed8-bf8e-630a0d8be9b9)] -> xpath: //div[@title='P7.txt']]
]]>
    </line>
    <line>
      <![CDATA[21:32:08,949  INFO - Before find By.xpath: //button[@data-click-action='resource.delete']
]]>
    </line>
    <line>
      <![CDATA[21:32:09,204  INFO - Before find By.xpath: //button[@data-click-action='resource.delete']
]]>
    </line>
    <line>
      <![CDATA[21:32:09,226  INFO - Before click on [[FirefoxDriver: firefox on WINDOWS (2fd8a99d-0bc7-4ed8-bf8e-630a0d8be9b9)] -> xpath: //button[@data-click-action='resource.delete']]
]]>
    </line>
    <line>
      <![CDATA[21:32:09,418  INFO - Before find By.xpath: //*[contains(text(), 'P7.txt')]
]]>
    </line>
    <line>
      <![CDATA[21:32:09,669  INFO - Before find By.xpath: //*[contains(text(), 'P7.txt')]
]]>
    </line>
    <line>
      <![CDATA[21:32:09,708  INFO - Before find By.xpath: //*[contains(text(), 'P7.txt')]
]]>
    </line>
    <line>
      <![CDATA[21:32:09,741  INFO - Before find By.xpath: //*[contains(text(), 'P7.txt')]
]]>
    </line>
    <line>
      <![CDATA[21:32:09,769  INFO - Before find By.xpath: //*[contains(text(), 'P7.txt')]
]]>
    </line>
    <line>
      <![CDATA[21:32:09,813  INFO - Before find By.xpath: //*[contains(text(), 'P7.txt')]
]]>
    </line>
    <line>
      <![CDATA[21:32:09,845  INFO - Before find By.xpath: //*[contains(text(), 'P7.txt')]
]]>
    </line>
    <line>
      <![CDATA[21:32:09,880  INFO - Before find By.xpath: //*[contains(text(), 'P7.txt')]
]]>
    </line>
    <line>
      <![CDATA[21:32:09,949  INFO - Before find By.xpath: //*[contains(text(), 'P7.txt')]
]]>
    </line>
    <line>
      <![CDATA[21:32:10,026  INFO - Before find By.xpath: //*[contains(text(), 'P7.txt')]
]]>
    </line>
    <line>
      <![CDATA[21:32:10,099  INFO - Before find By.xpath: //*[contains(text(), 'P7.txt')]
]]>
    </line>
    <line>
      <![CDATA[21:32:10,129  INFO - Before find By.xpath: //*[contains(text(), 'P7.txt')]
]]>
    </line>
    <line>
      <![CDATA[21:32:10,162  INFO - Before find By.xpath: //*[contains(text(), 'P7.txt')]
]]>
    </line>
    <line>
      <![CDATA[21:32:10,208  INFO - Before find By.xpath: //*[contains(text(), 'P7.txt')]
]]>
    </line>
    <line>
      <![CDATA[21:32:10,234  INFO - Before find By.xpath: //*[contains(text(), 'P7.txt')]
]]>
    </line>
    <line>
      <![CDATA[21:32:10,262  INFO - Before find By.xpath: //*[contains(text(), 'P7.txt')]
]]>
    </line>
    <line>
      <![CDATA[21:32:10,297  INFO - Before find By.xpath: //*[contains(text(), 'P7.txt')]
]]>
    </line>
    <line>
      <![CDATA[21:32:10,351  INFO - Before find By.xpath: //*[contains(text(), 'P7.txt')]
]]>
    </line>
    <line>
      <![CDATA[21:32:10,381  INFO - Before find By.xpath: //*[contains(text(), 'P7.txt')]
]]>
    </line>
    <line>
      <![CDATA[21:32:10,412  INFO - Before find By.xpath: //*[contains(text(), 'P7.txt')]
]]>
    </line>
    <line>
      <![CDATA[21:32:10,470  INFO - Before find By.xpath: //*[contains(text(), 'P7.txt')]
]]>
    </line>
    <line>
      <![CDATA[21:32:10,499  INFO - Before find By.xpath: //*[contains(text(), 'P7.txt')]
]]>
    </line>
    <line>
      <![CDATA[21:32:10,528  INFO - Before find By.xpath: //*[contains(text(), 'P7.txt')]
]]>
    </line>
    <line>
      <![CDATA[21:32:10,559  INFO - Before find By.xpath: //*[contains(text(), 'P7.txt')]
]]>
    </line>
    <line>
      <![CDATA[21:32:10,613  INFO - Before find By.xpath: //*[contains(text(), 'P7.txt')]
]]>
    </line>
    <line>
      <![CDATA[21:32:10,645  INFO - Before find By.xpath: //*[contains(text(), 'P7.txt')]
]]>
    </line>
    <line>
      <![CDATA[21:32:10,678  INFO - Before find By.xpath: //*[contains(text(), 'P7.txt')]
]]>
    </line>
    <line>
      <![CDATA[21:32:10,730  INFO - Before find By.xpath: //*[contains(text(), 'P7.txt')]
]]>
    </line>
    <line>
      <![CDATA[21:32:10,761  INFO - Before find By.xpath: //*[contains(text(), 'P7.txt')]
]]>
    </line>
    <line>
      <![CDATA[21:32:10,797  INFO - Before find By.xpath: //*[contains(text(), 'P7.txt')]
]]>
    </line>
    <line>
      <![CDATA[21:32:10,830  INFO - Before find By.xpath: //*[contains(text(), 'P7.txt')]
]]>
    </line>
    <line>
      <![CDATA[21:32:10,878  INFO - Before find By.xpath: //*[contains(text(), 'P7.txt')]
]]>
    </line>
    <line>
      <![CDATA[21:32:10,919  INFO - Before find By.xpath: //*[contains(text(), 'P7.txt')]
]]>
    </line>
    <line>
      <![CDATA[21:32:11,018  INFO - Before find By.xpath: //*[contains(text(), 'P7.txt')]
]]>
    </line>
    <line>
      <![CDATA[21:32:11,081  INFO - Before find By.xpath: //*[contains(text(), 'P7.txt')]
]]>
    </line>
    <line>
      <![CDATA[21:32:11,134  INFO - Before find By.xpath: //*[contains(text(), 'P7.txt')]
]]>
    </line>
    <line>
      <![CDATA[21:32:11,167  INFO - Before find By.xpath: //*[contains(text(), 'P7.txt')]
]]>
    </line>
    <line>
      <![CDATA[21:32:11,196  INFO - Before find By.xpath: //*[contains(text(), 'P7.txt')]
]]>
    </line>
    <line>
      <![CDATA[21:32:11,222  INFO - Before find By.xpath: //*[contains(text(), 'P7.txt')]
]]>
    </line>
    <line>
      <![CDATA[21:32:11,264  INFO - Before find By.xpath: //*[contains(text(), 'P7.txt')]
]]>
    </line>
    <line>
      <![CDATA[21:32:11,294  INFO - Before find By.xpath: //*[contains(text(), 'P7.txt')]
]]>
    </line>
    <line>
      <![CDATA[21:32:11,322  INFO - Before find By.xpath: //*[contains(text(), 'P7.txt')]
]]>
    </line>
    <line>
      <![CDATA[21:32:11,349  INFO - Before find By.xpath: //*[contains(text(), 'P7.txt')]
]]>
    </line>
    <line>
      <![CDATA[21:32:11,393  INFO - Before find By.xpath: //*[contains(text(), 'P7.txt')]
]]>
    </line>
    <line>
      <![CDATA[21:32:11,418  INFO - Before find By.xpath: //*[contains(text(), 'P7.txt')]
]]>
    </line>
    <line>
      <![CDATA[21:32:11,458  INFO - Before find By.xpath: //*[contains(text(), 'P7.txt')]
]]>
    </line>
    <line>
      <![CDATA[21:32:11,485  INFO - Before find By.xpath: //*[contains(text(), 'P7.txt')]
]]>
    </line>
    <line>
      <![CDATA[21:32:11,531  INFO - Before find By.xpath: //*[contains(text(), 'P7.txt')]
]]>
    </line>
    <line>
      <![CDATA[21:32:11,569  INFO - Before find By.xpath: //*[contains(text(), 'P7.txt')]
]]>
    </line>
    <line>
      <![CDATA[21:32:11,599  INFO - Before find By.xpath: //*[contains(text(), 'P7.txt')]
]]>
    </line>
    <line>
      <![CDATA[21:32:11,636  INFO - Before find By.xpath: //*[contains(text(), 'P7.txt')]
]]>
    </line>
    <line>
      <![CDATA[21:32:11,686  INFO - Before find By.xpath: //*[contains(text(), 'P7.txt')]
]]>
    </line>
    <line>
      <![CDATA[21:32:11,716  INFO - Before find By.xpath: //*[contains(text(), 'P7.txt')]
]]>
    </line>
    <line>
      <![CDATA[21:32:11,750  INFO - Before find By.xpath: //*[contains(text(), 'P7.txt')]
]]>
    </line>
    <line>
      <![CDATA[21:32:11,797  INFO - Before find By.xpath: //*[contains(text(), 'P7.txt')]
]]>
    </line>
    <line>
      <![CDATA[21:32:11,831  INFO - Before find By.xpath: //*[contains(text(), 'P7.txt')]
]]>
    </line>
    <line>
      <![CDATA[21:32:11,862  INFO - Before find By.xpath: //*[contains(text(), 'P7.txt')]
]]>
    </line>
    <line>
      <![CDATA[21:32:11,910  INFO - Before find By.xpath: //*[contains(text(), 'P7.txt')]
]]>
    </line>
    <line>
      <![CDATA[21:32:11,993  INFO - Before find By.xpath: //*[contains(text(), 'P7.txt')]
]]>
    </line>
    <line>
      <![CDATA[21:32:12,059  INFO - Before find By.xpath: //*[contains(text(), 'P7.txt')]
]]>
    </line>
    <line>
      <![CDATA[21:32:12,098  INFO - Before find By.xpath: //*[contains(text(), 'P7.txt')]
]]>
    </line>
    <line>
      <![CDATA[21:32:12,139  INFO - Before find By.xpath: //*[contains(text(), 'P7.txt')]
]]>
    </line>
    <line>
      <![CDATA[21:32:12,183  INFO - Before find By.xpath: //*[contains(text(), 'P7.txt')]
]]>
    </line>
    <line>
      <![CDATA[21:32:12,220  INFO - Before find By.xpath: //*[contains(text(), 'P7.txt')]
]]>
    </line>
    <line>
      <![CDATA[21:32:12,253  INFO - Before find By.xpath: //*[contains(text(), 'P7.txt')]
]]>
    </line>
    <line>
      <![CDATA[21:32:12,285  INFO - Before find By.xpath: //*[contains(text(), 'P7.txt')]
]]>
    </line>
    <line>
      <![CDATA[21:32:12,338  INFO - Before find By.xpath: //*[contains(text(), 'P7.txt')]
]]>
    </line>
    <line>
      <![CDATA[21:32:12,371  INFO - Before find By.xpath: //*[contains(text(), 'P7.txt')]
]]>
    </line>
    <line>
      <![CDATA[21:32:12,400  INFO - Before find By.xpath: //*[contains(text(), 'P7.txt')]
]]>
    </line>
    <line>
      <![CDATA[21:32:12,431  INFO - Before find By.xpath: //*[contains(text(), 'P7.txt')]
]]>
    </line>
    <line>
      <![CDATA[21:32:12,475  INFO - Before find By.xpath: //*[contains(text(), 'P7.txt')]
]]>
    </line>
    <line>
      <![CDATA[21:32:12,501  INFO - Before find By.xpath: //*[contains(text(), 'P7.txt')]
]]>
    </line>
    <line>
      <![CDATA[21:32:12,531  INFO - Before find By.xpath: //*[contains(text(), 'P7.txt')]
]]>
    </line>
    <line>
      <![CDATA[21:32:12,558  INFO - Before find By.xpath: //*[contains(text(), 'P7.txt')]
]]>
    </line>
    <line>
      <![CDATA[21:32:12,600  INFO - Before find By.xpath: //*[contains(text(), 'P7.txt')]
]]>
    </line>
    <line>
      <![CDATA[21:32:12,633  INFO - Before find By.xpath: //*[contains(text(), 'P7.txt')]
]]>
    </line>
    <line>
      <![CDATA[21:32:12,664  INFO - Before find By.xpath: //*[contains(text(), 'P7.txt')]
]]>
    </line>
    <line>
      <![CDATA[21:32:12,689  INFO - Before find By.xpath: //*[contains(text(), 'P7.txt')]
]]>
    </line>
    <line>
      <![CDATA[21:32:12,736  INFO - Before find By.xpath: //*[contains(text(), 'P7.txt')]
]]>
    </line>
    <line>
      <![CDATA[21:32:12,766  INFO - Before find By.xpath: //*[contains(text(), 'P7.txt')]
]]>
    </line>
    <line>
      <![CDATA[21:32:12,792  INFO - Before find By.xpath: //*[contains(text(), 'P7.txt')]
]]>
    </line>
    <line>
      <![CDATA[21:32:12,826  INFO - Before find By.xpath: //*[contains(text(), 'P7.txt')]
]]>
    </line>
    <line>
      <![CDATA[21:32:12,873  INFO - Before find By.xpath: //*[contains(text(), 'P7.txt')]
]]>
    </line>
    <line>
      <![CDATA[21:32:12,925  INFO - Before find By.xpath: //*[contains(text(), 'P7.txt')]
]]>
    </line>
    <line>
      <![CDATA[21:32:12,970  INFO - Before find By.xpath: //*[contains(text(), 'P7.txt')]
]]>
    </line>
    <line>
      <![CDATA[21:32:13,024  INFO - Before find By.xpath: //*[contains(text(), 'P7.txt')]
]]>
    </line>
    <line>
      <![CDATA[21:32:13,055  INFO - Before find By.xpath: //*[contains(text(), 'P7.txt')]
]]>
    </line>
    <line>
      <![CDATA[21:32:13,089  INFO - Before find By.xpath: //*[contains(text(), 'P7.txt')]
]]>
    </line>
    <line>
      <![CDATA[21:32:13,137  INFO - Before find By.xpath: //*[contains(text(), 'P7.txt')]
]]>
    </line>
    <line>
      <![CDATA[21:32:13,167  INFO - Before find By.xpath: //*[contains(text(), 'P7.txt')]
]]>
    </line>
    <line>
      <![CDATA[21:32:13,193  INFO - Before find By.xpath: //*[contains(text(), 'P7.txt')]
]]>
    </line>
    <line>
      <![CDATA[21:32:13,218  INFO - Before find By.xpath: //*[contains(text(), 'P7.txt')]
]]>
    </line>
    <line>
      <![CDATA[21:32:13,260  INFO - Before find By.xpath: //*[contains(text(), 'P7.txt')]
]]>
    </line>
    <line>
      <![CDATA[21:32:13,286  INFO - Before find By.xpath: //*[contains(text(), 'P7.txt')]
]]>
    </line>
    <line>
      <![CDATA[21:32:13,317  INFO - Before find By.xpath: //*[contains(text(), 'P7.txt')]
]]>
    </line>
    <line>
      <![CDATA[21:32:13,343  INFO - Before find By.xpath: //*[contains(text(), 'P7.txt')]
]]>
    </line>
    <line>
      <![CDATA[21:32:13,386  INFO - Before find By.xpath: //*[contains(text(), 'P7.txt')]
]]>
    </line>
    <line>
      <![CDATA[21:32:13,459  INFO - Before find By.xpath: //*[contains(text(), 'P7.txt')]
]]>
    </line>
    <line>
      <![CDATA[21:32:13,651  INFO - Before find By.xpath: //*[contains(text(), 'P7.txt')]
]]>
    </line>
    <line>
      <![CDATA[21:32:14,001  INFO - Before find By.xpath: //*[contains(text(), 'P7.txt')]
]]>
    </line>
    <line>
      <![CDATA[21:32:14,053  INFO - Before find By.xpath: //*[contains(text(), 'P7.txt')]
]]>
    </line>
    <line>
      <![CDATA[21:32:14,087  INFO - Before find By.xpath: //*[contains(text(), 'P7.txt')]
]]>
    </line>
    <line>
      <![CDATA[21:32:14,124  INFO - Before find By.xpath: //*[contains(text(), 'P7.txt')]
]]>
    </line>
    <line>
      <![CDATA[21:32:14,175  INFO - Before find By.xpath: //*[contains(text(), 'P7.txt')]
]]>
    </line>
    <line>
      <![CDATA[21:32:14,207  INFO - Before find By.xpath: //*[contains(text(), 'P7.txt')]
]]>
    </line>
    <line>
      <![CDATA[21:32:14,247  INFO - Before find By.xpath: //*[contains(text(), 'P7.txt')]
]]>
    </line>
    <line>
      <![CDATA[21:32:14,272  INFO - Before find By.xpath: //*[contains(text(), 'P7.txt')]
]]>
    </line>
    <line>
      <![CDATA[21:32:14,310  INFO - Before find By.xpath: //*[contains(text(), 'P7.txt')]
]]>
    </line>
    <line>
      <![CDATA[21:32:14,339  INFO - Before find By.xpath: //*[contains(text(), 'P7.txt')]
]]>
    </line>
    <line>
      <![CDATA[21:32:14,499  INFO - Before find By.xpath: //*[contains(text(), 'P7.txt')]
]]>
    </line>
    <line>
      <![CDATA[21:32:14,656  INFO - Before find By.xpath: //*[contains(text(), 'P7.txt')]
]]>
    </line>
    <line>
      <![CDATA[21:32:14,708  INFO - Before find By.xpath: //*[contains(text(), 'P7.txt')]
]]>
    </line>
    <line>
      <![CDATA[21:32:14,809  INFO - Before find By.xpath: //*[contains(text(), 'P7.txt')]
]]>
    </line>
    <line>
      <![CDATA[21:32:14,844  INFO - Before find By.xpath: //*[contains(text(), 'P7.txt')]
]]>
    </line>
    <line>
      <![CDATA[21:32:14,866  INFO - Before find By.xpath: //*[contains(text(), 'P7.txt')]
]]>
    </line>
    <line>
      <![CDATA[21:32:14,887  INFO - Before find By.xpath: //*[contains(text(), 'P7.txt')]
]]>
    </line>
    <line>
      <![CDATA[21:32:14,918  INFO - Before find By.xpath: //*[contains(text(), 'P7.txt')]
]]>
    </line>
    <line>
      <![CDATA[21:32:14,942  INFO - Before find By.xpath: //*[contains(text(), 'P7.txt')]
]]>
    </line>
    <line>
      <![CDATA[21:32:14,975  INFO - Before find By.xpath: //*[contains(text(), 'P7.txt')]
]]>
    </line>
    <line>
      <![CDATA[21:32:15,000  INFO - Before find By.xpath: //*[contains(text(), 'P7.txt')]
]]>
    </line>
    <line>
      <![CDATA[21:32:15,021  INFO - Before find By.xpath: //*[contains(text(), 'P7.txt')]
]]>
    </line>
    <line>
      <![CDATA[21:32:15,042  INFO - Before find By.xpath: //*[contains(text(), 'P7.txt')]
]]>
    </line>
    <line>
      <![CDATA[21:32:15,070  INFO - Before find By.xpath: //*[contains(text(), 'P7.txt')]
]]>
    </line>
    <line>
      <![CDATA[21:32:15,105  INFO - Before find By.xpath: //*[contains(text(), 'P7.txt')]
]]>
    </line>
    <line>
      <![CDATA[21:32:15,132  INFO - Before find By.xpath: //*[contains(text(), 'P7.txt')]
]]>
    </line>
    <line>
      <![CDATA[21:32:15,155  INFO - Before find By.xpath: //*[contains(text(), 'P7.txt')]
]]>
    </line>
    <line>
      <![CDATA[21:32:15,177  INFO - Before find By.xpath: //*[contains(text(), 'P7.txt')]
]]>
    </line>
    <line>
      <![CDATA[21:32:15,197  INFO - Before find By.xpath: //*[contains(text(), 'P7.txt')]
]]>
    </line>
    <line>
      <![CDATA[21:32:15,217  INFO - Before find By.xpath: //*[contains(text(), 'P7.txt')]
]]>
    </line>
    <line>
      <![CDATA[21:32:15,248  INFO - Before find By.xpath: //*[contains(text(), 'P7.txt')]
]]>
    </line>
    <line>
      <![CDATA[21:32:15,266  INFO - Before find By.xpath: //*[contains(text(), 'P7.txt')]
]]>
    </line>
    <line>
      <![CDATA[21:32:15,285  INFO - Before find By.xpath: //*[contains(text(), 'P7.txt')]
]]>
    </line>
    <line>
      <![CDATA[21:32:15,303  INFO - Before find By.xpath: //*[contains(text(), 'P7.txt')]
]]>
    </line>
    <line>
      <![CDATA[21:32:15,326  INFO - Before find By.xpath: //*[contains(text(), 'P7.txt')]
]]>
    </line>
    <line>
      <![CDATA[21:32:15,352  INFO - Before find By.xpath: //*[contains(text(), 'P7.txt')]
]]>
    </line>
    <line>
      <![CDATA[21:32:15,382  INFO - Before find By.xpath: //*[contains(text(), 'P7.txt')]
]]>
    </line>
    <line>
      <![CDATA[21:32:15,402  INFO - Before find By.xpath: //*[contains(text(), 'P7.txt')]
]]>
    </line>
    <line>
      <![CDATA[21:32:15,425  INFO - Before find By.xpath: //*[contains(text(), 'P7.txt')]
]]>
    </line>
    <line>
      <![CDATA[21:32:15,448  INFO - Before find By.xpath: //*[contains(text(), 'P7.txt')]
]]>
    </line>
    <line>
      <![CDATA[21:32:15,469  INFO - Before find By.xpath: //*[contains(text(), 'P7.txt')]
]]>
    </line>
    <line>
      <![CDATA[21:32:15,501  INFO - Before find By.xpath: //*[contains(text(), 'P7.txt')]
]]>
    </line>
    <line>
      <![CDATA[21:32:15,524  INFO - Before find By.xpath: //*[contains(text(), 'P7.txt')]
]]>
    </line>
    <line>
      <![CDATA[21:32:15,552  INFO - Before find By.xpath: //*[contains(text(), 'P7.txt')]
]]>
    </line>
    <line>
      <![CDATA[21:32:15,578  INFO - Before find By.xpath: //*[contains(text(), 'P7.txt')]
]]>
    </line>
    <line>
      <![CDATA[21:32:15,602  INFO - Before find By.xpath: //*[contains(text(), 'P7.txt')]
]]>
    </line>
    <line>
      <![CDATA[21:32:15,628  INFO - Before find By.xpath: //*[contains(text(), 'P7.txt')]
]]>
    </line>
    <line>
      <![CDATA[21:32:15,653  INFO - Before find By.xpath: //*[contains(text(), 'P7.txt')]
]]>
    </line>
    <line>
      <![CDATA[21:32:15,672  INFO - Before find By.xpath: //*[contains(text(), 'P7.txt')]
]]>
    </line>
    <line>
      <![CDATA[21:32:15,692  INFO - Before find By.xpath: //*[contains(text(), 'P7.txt')]
]]>
    </line>
    <line>
      <![CDATA[21:32:15,710  INFO - Before find By.xpath: //*[contains(text(), 'P7.txt')]
]]>
    </line>
    <line>
      <![CDATA[21:32:15,729  INFO - Before find By.xpath: //*[contains(text(), 'P7.txt')]
]]>
    </line>
    <line>
      <![CDATA[21:32:15,750  INFO - Before find By.xpath: //*[contains(text(), 'P7.txt')]
]]>
    </line>
    <line>
      <![CDATA[21:32:15,778  INFO - Before find By.xpath: //*[contains(text(), 'P7.txt')]
]]>
    </line>
    <line>
      <![CDATA[21:32:15,800  INFO - Before find By.xpath: //*[contains(text(), 'P7.txt')]
]]>
    </line>
    <line>
      <![CDATA[21:32:15,818  INFO - Before find By.xpath: //*[contains(text(), 'P7.txt')]
]]>
    </line>
    <line>
      <![CDATA[21:32:15,839  INFO - Before find By.xpath: //*[contains(text(), 'P7.txt')]
]]>
    </line>
    <line>
      <![CDATA[21:32:15,859  INFO - Before find By.xpath: //*[contains(text(), 'P7.txt')]
]]>
    </line>
    <line>
      <![CDATA[21:32:15,890  INFO - Before find By.xpath: //*[contains(text(), 'P7.txt')]
]]>
    </line>
    <line>
      <![CDATA[21:32:15,927  INFO - Before find By.xpath: //*[contains(text(), 'P7.txt')]
]]>
    </line>
    <line>
      <![CDATA[21:32:15,956  INFO - Before find By.xpath: //*[contains(text(), 'P7.txt')]
]]>
    </line>
    <line>
      <![CDATA[21:32:15,991  INFO - Before find By.xpath: //*[contains(text(), 'P7.txt')]
]]>
    </line>
    <line>
      <![CDATA[21:32:16,041  INFO - Before find By.xpath: //*[contains(text(), 'P7.txt')]
]]>
    </line>
    <line>
      <![CDATA[21:32:16,079  INFO - Before find By.xpath: //*[contains(text(), 'P7.txt')]
]]>
    </line>
    <line>
      <![CDATA[21:32:16,100  INFO - Before find By.xpath: //*[contains(text(), 'P7.txt')]
]]>
    </line>
    <line>
      <![CDATA[21:32:16,120  INFO - Before find By.xpath: //*[contains(text(), 'P7.txt')]
]]>
    </line>
    <line>
      <![CDATA[21:32:16,139  INFO - Before find By.xpath: //*[contains(text(), 'P7.txt')]
]]>
    </line>
    <line>
      <![CDATA[21:32:16,169  INFO - Before find By.xpath: //*[contains(text(), 'P7.txt')]
]]>
    </line>
    <line>
      <![CDATA[21:32:16,198  INFO - Before find By.xpath: //*[contains(text(), 'P7.txt')]
]]>
    </line>
    <line>
      <![CDATA[21:32:16,252  INFO - Before find By.xpath: //*[contains(text(), 'P7.txt')]
]]>
    </line>
    <line>
      <![CDATA[21:32:16,274  INFO - Before find By.xpath: //*[contains(text(), 'P7.txt')]
]]>
    </line>
    <line>
      <![CDATA[21:32:16,306  INFO - Before find By.xpath: //*[contains(text(), 'P7.txt')]
]]>
    </line>
    <line>
      <![CDATA[21:32:16,331  INFO - Before find By.xpath: //*[contains(text(), 'P7.txt')]
]]>
    </line>
    <line>
      <![CDATA[21:32:16,351  INFO - Before find By.xpath: //*[contains(text(), 'P7.txt')]
]]>
    </line>
    <line>
      <![CDATA[21:32:16,370  INFO - Before find By.xpath: //*[contains(text(), 'P7.txt')]
]]>
    </line>
    <line>
      <![CDATA[21:32:16,387  INFO - Before find By.xpath: //*[contains(text(), 'P7.txt')]
]]>
    </line>
    <line>
      <![CDATA[21:32:16,409  INFO - Before find By.xpath: //*[contains(text(), 'P7.txt')]
]]>
    </line>
    <line>
      <![CDATA[21:32:16,440  INFO - Before find By.xpath: //*[contains(text(), 'P7.txt')]
]]>
    </line>
    <line>
      <![CDATA[21:32:16,462  INFO - Before find By.xpath: //*[contains(text(), 'P7.txt')]
]]>
    </line>
    <line>
      <![CDATA[21:32:16,487  INFO - Before find By.xpath: //*[contains(text(), 'P7.txt')]
]]>
    </line>
    <line>
      <![CDATA[21:32:16,507  INFO - Before find By.xpath: //*[contains(text(), 'P7.txt')]
]]>
    </line>
    <line>
      <![CDATA[21:32:16,529  INFO - Before find By.xpath: //*[contains(text(), 'P7.txt')]
]]>
    </line>
    <line>
      <![CDATA[21:32:16,555  INFO - Before find By.xpath: //*[contains(text(), 'P7.txt')]
]]>
    </line>
    <line>
      <![CDATA[21:32:16,589  INFO - Before find By.xpath: //*[contains(text(), 'P7.txt')]
]]>
    </line>
    <line>
      <![CDATA[21:32:16,608  INFO - Before find By.xpath: //*[contains(text(), 'P7.txt')]
]]>
    </line>
    <line>
      <![CDATA[21:32:16,628  INFO - Before find By.xpath: //*[contains(text(), 'P7.txt')]
]]>
    </line>
    <line>
      <![CDATA[21:32:16,648  INFO - Before find By.xpath: //*[contains(text(), 'P7.txt')]
]]>
    </line>
    <line>
      <![CDATA[21:32:16,668  INFO - Before find By.xpath: //*[contains(text(), 'P7.txt')]
]]>
    </line>
    <line>
      <![CDATA[21:32:16,692  INFO - Before find By.xpath: //*[contains(text(), 'P7.txt')]
]]>
    </line>
    <line>
      <![CDATA[21:32:16,722  INFO - Before find By.xpath: //*[contains(text(), 'P7.txt')]
]]>
    </line>
    <line>
      <![CDATA[21:32:16,743  INFO - Before find By.xpath: //*[contains(text(), 'P7.txt')]
]]>
    </line>
    <line>
      <![CDATA[21:32:16,767  INFO - Before find By.xpath: //*[contains(text(), 'P7.txt')]
]]>
    </line>
    <line>
      <![CDATA[21:32:16,792  INFO - Before find By.xpath: //*[contains(text(), 'P7.txt')]
]]>
    </line>
    <line>
      <![CDATA[21:32:16,812  INFO - Before find By.xpath: //*[contains(text(), 'P7.txt')]
]]>
    </line>
    <line>
      <![CDATA[21:32:16,845  INFO - Before find By.xpath: //*[contains(text(), 'P7.txt')]
]]>
    </line>
    <line>
      <![CDATA[21:32:16,873  INFO - Before find By.xpath: //*[contains(text(), 'P7.txt')]
]]>
    </line>
    <line>
      <![CDATA[21:32:16,902  INFO - Before find By.xpath: //*[contains(text(), 'P7.txt')]
]]>
    </line>
    <line>
      <![CDATA[21:32:16,934  INFO - Before find By.xpath: //*[contains(text(), 'P7.txt')]
]]>
    </line>
    <line>
      <![CDATA[21:32:16,976  INFO - Before find By.xpath: //*[contains(text(), 'P7.txt')]
]]>
    </line>
    <line>
      <![CDATA[21:32:17,025  INFO - Before find By.xpath: //*[contains(text(), 'P7.txt')]
]]>
    </line>
    <line>
      <![CDATA[21:32:17,050  INFO - Before find By.xpath: //*[contains(text(), 'P7.txt')]
]]>
    </line>
    <line>
      <![CDATA[21:32:17,088  INFO - Before find By.xpath: //*[contains(text(), 'P7.txt')]
]]>
    </line>
    <line>
      <![CDATA[21:32:17,139  INFO - Before find By.xpath: //*[contains(text(), 'P7.txt')]
]]>
    </line>
    <line>
      <![CDATA[21:32:17,165  INFO - Before find By.xpath: //*[contains(text(), 'P7.txt')]
]]>
    </line>
    <line>
      <![CDATA[21:32:17,187  INFO - Before find By.xpath: //*[contains(text(), 'P7.txt')]
]]>
    </line>
    <line>
      <![CDATA[21:32:17,209  INFO - Before find By.xpath: //*[contains(text(), 'P7.txt')]
]]>
    </line>
    <line>
      <![CDATA[21:32:17,245  INFO - Before find By.xpath: //*[contains(text(), 'P7.txt')]
]]>
    </line>
    <line>
      <![CDATA[21:32:17,272  INFO - Before find By.xpath: //*[contains(text(), 'P7.txt')]
]]>
    </line>
    <line>
      <![CDATA[21:32:17,297  INFO - Before find By.xpath: //*[contains(text(), 'P7.txt')]
]]>
    </line>
    <line>
      <![CDATA[21:32:17,320  INFO - Before find By.xpath: //*[contains(text(), 'P7.txt')]
]]>
    </line>
    <line>
      <![CDATA[21:32:17,343  INFO - Before find By.xpath: //*[contains(text(), 'P7.txt')]
]]>
    </line>
    <line>
      <![CDATA[21:32:17,380  INFO - Before find By.xpath: //*[contains(text(), 'P7.txt')]
]]>
    </line>
    <line>
      <![CDATA[21:32:17,409  INFO - Before find By.xpath: //*[contains(text(), 'P7.txt')]
]]>
    </line>
    <line>
      <![CDATA[21:32:17,432  INFO - Before find By.xpath: //*[contains(text(), 'P7.txt')]
]]>
    </line>
    <line>
      <![CDATA[21:32:17,457  INFO - Before find By.xpath: //*[contains(text(), 'P7.txt')]
]]>
    </line>
    <line>
      <![CDATA[21:32:17,480  INFO - Before find By.xpath: //*[contains(text(), 'P7.txt')]
]]>
    </line>
    <line>
      <![CDATA[21:32:17,518  INFO - Before find By.xpath: //*[contains(text(), 'P7.txt')]
]]>
    </line>
    <line>
      <![CDATA[21:32:17,541  INFO - Before find By.xpath: //*[contains(text(), 'P7.txt')]
]]>
    </line>
    <line>
      <![CDATA[21:32:17,566  INFO - Before find By.xpath: //*[contains(text(), 'P7.txt')]
]]>
    </line>
    <line>
      <![CDATA[21:32:17,595  INFO - Before find By.xpath: //*[contains(text(), 'P7.txt')]
]]>
    </line>
    <line>
      <![CDATA[21:32:17,630  INFO - Before find By.xpath: //*[contains(text(), 'P7.txt')]
]]>
    </line>
    <line>
      <![CDATA[21:32:17,649  INFO - Before find By.xpath: //*[contains(text(), 'P7.txt')]
]]>
    </line>
    <line>
      <![CDATA[21:32:17,670  INFO - Before find By.xpath: //*[contains(text(), 'P7.txt')]
]]>
    </line>
    <line>
      <![CDATA[21:32:17,689  INFO - Before find By.xpath: //*[contains(text(), 'P7.txt')]
]]>
    </line>
    <line>
      <![CDATA[21:32:17,707  INFO - Before find By.xpath: //*[contains(text(), 'P7.txt')]
]]>
    </line>
    <line>
      <![CDATA[21:32:17,726  INFO - Before find By.xpath: //*[contains(text(), 'P7.txt')]
]]>
    </line>
    <line>
      <![CDATA[21:32:17,796  INFO - Before find By.xpath: //*[contains(text(), 'P7.txt')]
]]>
    </line>
    <line>
      <![CDATA[21:32:17,821  INFO - Before find By.xpath: //*[contains(text(), 'P7.txt')]
]]>
    </line>
    <line>
      <![CDATA[21:32:17,846  INFO - Before find By.xpath: //*[contains(text(), 'P7.txt')]
]]>
    </line>
    <line>
      <![CDATA[21:32:17,865  INFO - Before find By.xpath: //*[contains(text(), 'P7.txt')]
]]>
    </line>
    <line>
      <![CDATA[21:32:17,893  INFO - Before find By.xpath: //*[contains(text(), 'P7.txt')]
]]>
    </line>
    <line>
      <![CDATA[21:32:17,912  INFO - Before find By.xpath: //*[contains(text(), 'P7.txt')]
]]>
    </line>
    <line>
      <![CDATA[21:32:17,934  INFO - Before find By.xpath: //*[contains(text(), 'P7.txt')]
]]>
    </line>
    <line>
      <![CDATA[21:32:17,958  INFO - Before find By.xpath: //*[contains(text(), 'P7.txt')]
]]>
    </line>
    <line>
      <![CDATA[21:32:17,983  INFO - Before find By.xpath: //*[contains(text(), 'P7.txt')]
]]>
    </line>
    <line>
      <![CDATA[21:32:18,022  INFO - Before find By.xpath: //*[contains(text(), 'P7.txt')]
]]>
    </line>
    <line>
      <![CDATA[21:32:18,050  INFO - Before find By.xpath: //*[contains(text(), 'P7.txt')]
]]>
    </line>
    <line>
      <![CDATA[21:32:18,076  INFO - Before find By.xpath: //*[contains(text(), 'P7.txt')]
]]>
    </line>
    <line>
      <![CDATA[21:32:18,096  INFO - Before find By.xpath: //*[contains(text(), 'P7.txt')]
]]>
    </line>
    <line>
      <![CDATA[21:32:18,117  INFO - Before find By.xpath: //*[contains(text(), 'P7.txt')]
]]>
    </line>
    <line>
      <![CDATA[21:32:18,142  INFO - Before find By.xpath: //*[contains(text(), 'P7.txt')]
]]>
    </line>
    <line>
      <![CDATA[21:32:18,179  INFO - Before find By.xpath: //*[contains(text(), 'P7.txt')]
]]>
    </line>
    <line>
      <![CDATA[21:32:18,202  INFO - Before find By.xpath: //*[contains(text(), 'P7.txt')]
]]>
    </line>
    <line>
      <![CDATA[21:32:18,227  INFO - Before find By.xpath: //*[contains(text(), 'P7.txt')]
]]>
    </line>
    <line>
      <![CDATA[21:32:18,249  INFO - Before find By.xpath: //*[contains(text(), 'P7.txt')]
]]>
    </line>
    <line>
      <![CDATA[21:32:18,269  INFO - Before find By.xpath: //*[contains(text(), 'P7.txt')]
]]>
    </line>
    <line>
      <![CDATA[21:32:18,304  INFO - Before find By.xpath: //*[contains(text(), 'P7.txt')]
]]>
    </line>
    <line>
      <![CDATA[21:32:18,324  INFO - Before find By.xpath: //*[contains(text(), 'P7.txt')]
]]>
    </line>
    <line>
      <![CDATA[21:32:18,344  INFO - Before find By.xpath: //*[contains(text(), 'P7.txt')]
]]>
    </line>
    <line>
      <![CDATA[21:32:18,363  INFO - Before find By.xpath: //*[contains(text(), 'P7.txt')]
]]>
    </line>
    <line>
      <![CDATA[21:32:18,383  INFO - Before find By.xpath: //*[contains(text(), 'P7.txt')]
]]>
    </line>
    <line>
      <![CDATA[21:32:18,401  INFO - Before find By.xpath: //*[contains(text(), 'P7.txt')]
]]>
    </line>
    <line>
      <![CDATA[21:32:18,428  INFO - Before find By.xpath: //*[contains(text(), 'P7.txt')]
]]>
    </line>
    <line>
      <![CDATA[21:32:18,449  INFO - Before find By.xpath: //*[contains(text(), 'P7.txt')]
]]>
    </line>
    <line>
      <![CDATA[21:32:18,468  INFO - Before find By.xpath: //*[contains(text(), 'P7.txt')]
]]>
    </line>
    <line>
      <![CDATA[21:32:18,487  INFO - Before find By.xpath: //*[contains(text(), 'P7.txt')]
]]>
    </line>
    <line>
      <![CDATA[21:32:18,505  INFO - Before find By.xpath: //*[contains(text(), 'P7.txt')]
]]>
    </line>
    <line>
      <![CDATA[21:32:18,522  INFO - Before find By.xpath: //*[contains(text(), 'P7.txt')]
]]>
    </line>
    <line>
      <![CDATA[21:32:18,540  INFO - Before find By.xpath: //*[contains(text(), 'P7.txt')]
]]>
    </line>
    <line>
      <![CDATA[21:32:18,570  INFO - Before find By.xpath: //*[contains(text(), 'P7.txt')]
]]>
    </line>
    <line>
      <![CDATA[21:32:18,590  INFO - Before find By.xpath: //*[contains(text(), 'P7.txt')]
]]>
    </line>
    <line>
      <![CDATA[21:32:18,686  INFO - Before find By.xpath: //*[contains(text(), 'P7.txt')]
]]>
    </line>
    <line>
      <![CDATA[21:32:18,712  INFO - Before find By.xpath: //*[contains(text(), 'P7.txt')]
]]>
    </line>
    <line>
      <![CDATA[21:32:18,731  INFO - Before find By.xpath: //*[contains(text(), 'P7.txt')]
]]>
    </line>
    <line>
      <![CDATA[21:32:18,749  INFO - Before find By.xpath: //*[contains(text(), 'P7.txt')]
]]>
    </line>
    <line>
      <![CDATA[21:32:18,774  INFO - Before find By.xpath: //*[contains(text(), 'P7.txt')]
]]>
    </line>
    <line>
      <![CDATA[21:32:18,791  INFO - Before find By.xpath: //*[contains(text(), 'P7.txt')]
]]>
    </line>
    <line>
      <![CDATA[21:32:18,819  INFO - Before find By.xpath: //*[contains(text(), 'P7.txt')]
]]>
    </line>
    <line>
      <![CDATA[21:32:18,842  INFO - Before find By.xpath: //*[contains(text(), 'P7.txt')]
]]>
    </line>
    <line>
      <![CDATA[21:32:18,864  INFO - Before find By.xpath: //*[contains(text(), 'P7.txt')]
]]>
    </line>
    <line>
      <![CDATA[21:32:18,881  INFO - Before find By.xpath: //*[contains(text(), 'P7.txt')]
]]>
    </line>
    <line>
      <![CDATA[21:32:18,901  INFO - Before find By.xpath: //*[contains(text(), 'P7.txt')]
]]>
    </line>
    <line>
      <![CDATA[21:32:18,926  INFO - Before find By.xpath: //*[contains(text(), 'P7.txt')]
]]>
    </line>
    <line>
      <![CDATA[21:32:18,961  INFO - Before find By.xpath: //*[contains(text(), 'P7.txt')]
]]>
    </line>
    <line>
      <![CDATA[21:32:18,999  INFO - Before find By.xpath: //*[contains(text(), 'P7.txt')]
]]>
    </line>
    <line>
      <![CDATA[21:32:19,022  INFO - Before find By.xpath: //*[contains(text(), 'P7.txt')]
]]>
    </line>
    <line>
      <![CDATA[21:32:19,043  INFO - Before find By.xpath: //*[contains(text(), 'P7.txt')]
]]>
    </line>
    <line>
      <![CDATA[21:32:19,062  INFO - Before find By.xpath: //*[contains(text(), 'P7.txt')]
]]>
    </line>
    <line>
      <![CDATA[21:32:19,094  INFO - Before find By.xpath: //*[contains(text(), 'P7.txt')]
]]>
    </line>
    <line>
      <![CDATA[21:32:19,120  INFO - Before find By.xpath: //*[contains(text(), 'P7.txt')]
]]>
    </line>
    <line>
      <![CDATA[21:32:19,147  INFO - Before find By.xpath: //*[contains(text(), 'P7.txt')]
]]>
    </line>
    <line>
      <![CDATA[21:32:19,170  INFO - Before find By.xpath: //*[contains(text(), 'P7.txt')]
]]>
    </line>
    <line>
      <![CDATA[21:32:19,197  INFO - Before find By.xpath: //*[contains(text(), 'P7.txt')]
]]>
    </line>
    <line>
      <![CDATA[21:32:19,231  INFO - Before find By.xpath: //*[contains(text(), 'P7.txt')]
]]>
    </line>
    <line>
      <![CDATA[21:32:19,250  INFO - Before find By.xpath: //*[contains(text(), 'P7.txt')]
]]>
    </line>
    <line>
      <![CDATA[21:32:19,268  INFO - Before find By.xpath: //*[contains(text(), 'P7.txt')]
]]>
    </line>
    <line>
      <![CDATA[21:32:19,287  INFO - Before find By.xpath: //*[contains(text(), 'P7.txt')]
]]>
    </line>
    <line>
      <![CDATA[21:32:19,304  INFO - Before find By.xpath: //*[contains(text(), 'P7.txt')]
]]>
    </line>
    <line>
      <![CDATA[21:32:19,322  INFO - Before find By.xpath: //*[contains(text(), 'P7.txt')]
]]>
    </line>
    <line>
      <![CDATA[21:32:19,363  INFO - Before find By.xpath: //*[contains(text(), 'P7.txt')]
]]>
    </line>
    <line>
      <![CDATA[21:32:20,409  INFO - Before find By.xpath: //*[contains(text(), 'P7.txt')]
]]>
    </line>
    <line>
      <![CDATA[21:32:41,418  INFO - Browser navigate to https://www.yandex.by/
]]>
    </line>
    <line>
      <![CDATA[21:32:41,665  INFO - Screenshot taken: file:///D:\EPAM\TAT2\logs\screenshots\258489187223116.png
]]>
    </line>
    <line>
      <![CDATA[21:32:41,666  INFO - Before find By.xpath: //input[@name='login']
]]>
    </line>
    <line>
      <![CDATA[21:32:42,120  INFO - Before find By.xpath: //input[@name='passwd']
]]>
    </line>
    <line>
      <![CDATA[21:32:43,495  INFO - Before find By.xpath: //button[@class='button auth__button domik2__auth-button button_theme_bordergray button_size_m i-bem button_js_inited auth__button_color_yellow']
]]>
    </line>
    <line>
      <![CDATA[21:32:43,548  INFO - Before click on [[FirefoxDriver: firefox on WINDOWS (2cd72450-74ca-46bb-a359-d3518fdcdd68)] -> xpath: //button[@class='button auth__button domik2__auth-button button_theme_bordergray button_size_m i-bem button_js_inited auth__button_color_yellow']]
]]>
    </line>
    <line>
      <![CDATA[21:32:43,990  INFO - Before find By.xpath: //a[@data-id='disk']
]]>
    </line>
    <line>
      <![CDATA[21:32:47,215  INFO - Driver has exception org.openqa.selenium.NoSuchElementException: Unable to locate element: {"method":"xpath","selector":"//a[@data-id='disk']"}
Command duration or timeout: 3.22 seconds
For documentation on this error, please visit: http://seleniumhq.org/exceptions/no_such_element.html
Build info: version: '2.53.1', revision: 'a36b8b1cd5757287168e54b817830adce9b0158d', time: '2016-06-30 19:26:09'
System info: host: 'Magistr-PC', ip: '192.168.1.4', os.name: 'Windows 10', os.arch: 'amd64', os.version: '10.0', java.version: '1.8.0_101'
Driver info: org.openqa.selenium.firefox.FirefoxDriver
Capabilities [{applicationCacheEnabled=true, rotatable=false, handlesAlerts=true, databaseEnabled=true, version=47.0.1, platform=WINDOWS, nativeEvents=false, acceptSslCerts=true, webStorageEnabled=true, locationContextEnabled=true, browserName=firefox, takesScreenshot=true, javascriptEnabled=true, cssSelectorsEnabled=true}]
Session ID: 2cd72450-74ca-46bb-a359-d3518fdcdd68
*** Element info: {Using=xpath, value=//a[@data-id='disk']}
]]>
    </line>
    <line>
      <![CDATA[21:32:47,317  INFO - Screenshot taken: file:///D:\EPAM\TAT2\logs\screenshots\258494983915331.png
]]>
    </line>
    <line>
      <![CDATA[21:32:47,817  INFO - Before find By.xpath: //a[@data-id='disk']
]]>
    </line>
    <line>
      <![CDATA[21:32:48,880  INFO - Driver has exception org.openqa.selenium.NoSuchElementException: Unable to locate element: {"method":"xpath","selector":"//a[@data-id='disk']"}
Command duration or timeout: 1.06 seconds
For documentation on this error, please visit: http://seleniumhq.org/exceptions/no_such_element.html
Build info: version: '2.53.1', revision: 'a36b8b1cd5757287168e54b817830adce9b0158d', time: '2016-06-30 19:26:09'
System info: host: 'Magistr-PC', ip: '192.168.1.4', os.name: 'Windows 10', os.arch: 'amd64', os.version: '10.0', java.version: '1.8.0_101'
Driver info: org.openqa.selenium.firefox.FirefoxDriver
Capabilities [{applicationCacheEnabled=true, rotatable=false, handlesAlerts=true, databaseEnabled=true, version=47.0.1, platform=WINDOWS, nativeEvents=false, acceptSslCerts=true, webStorageEnabled=true, locationContextEnabled=true, browserName=firefox, takesScreenshot=true, javascriptEnabled=true, cssSelectorsEnabled=true}]
Session ID: 2cd72450-74ca-46bb-a359-d3518fdcdd68
*** Element info: {Using=xpath, value=//a[@data-id='disk']}
]]>
    </line>
    <line>
      <![CDATA[21:32:49,016  INFO - Screenshot taken: file:///D:\EPAM\TAT2\logs\screenshots\258496649300138.png
]]>
    </line>
    <line>
      <![CDATA[21:32:49,517  INFO - Before find By.xpath: //a[@data-id='disk']
]]>
    </line>
    <line>
      <![CDATA[21:32:51,253  INFO - Driver has exception org.openqa.selenium.NoSuchElementException: Unable to locate element: {"method":"xpath","selector":"//a[@data-id='disk']"}
Command duration or timeout: 1.73 seconds
For documentation on this error, please visit: http://seleniumhq.org/exceptions/no_such_element.html
Build info: version: '2.53.1', revision: 'a36b8b1cd5757287168e54b817830adce9b0158d', time: '2016-06-30 19:26:09'
System info: host: 'Magistr-PC', ip: '192.168.1.4', os.name: 'Windows 10', os.arch: 'amd64', os.version: '10.0', java.version: '1.8.0_101'
Driver info: org.openqa.selenium.firefox.FirefoxDriver
Capabilities [{applicationCacheEnabled=true, rotatable=false, handlesAlerts=true, databaseEnabled=true, version=47.0.1, platform=WINDOWS, nativeEvents=false, acceptSslCerts=true, webStorageEnabled=true, locationContextEnabled=true, browserName=firefox, takesScreenshot=true, javascriptEnabled=true, cssSelectorsEnabled=true}]
Session ID: 2cd72450-74ca-46bb-a359-d3518fdcdd68
*** Element info: {Using=xpath, value=//a[@data-id='disk']}
]]>
    </line>
    <line>
      <![CDATA[21:32:54,056  INFO - Screenshot taken: file:///D:\EPAM\TAT2\logs\screenshots\258499022956105.png
]]>
    </line>
    <line>
      <![CDATA[21:32:54,557  INFO - Before find By.xpath: //a[@data-id='disk']
]]>
    </line>
    <line>
      <![CDATA[21:32:54,602  INFO - Before find By.xpath: //a[@data-id='disk']
]]>
    </line>
    <line>
      <![CDATA[21:32:54,643  INFO - Before find By.xpath: //a[@data-id='disk']
]]>
    </line>
    <line>
      <![CDATA[21:32:54,948  INFO - Before find By.xpath: //input[@type='file']
]]>
    </line>
    <line>
      <![CDATA[21:32:59,277  INFO - Before find By.xpath: //input[@type='file']
]]>
    </line>
    <line>
      <![CDATA[21:32:59,741  INFO - Before find By.xpath: //button[@class=' nb-button _nb-small-button b-dialog-upload__button-close ns-action js-hide']
]]>
    </line>
    <line>
      <![CDATA[21:33:03,708  INFO - Before find By.xpath: //button[@class=' nb-button _nb-small-button b-dialog-upload__button-close ns-action js-hide']
]]>
    </line>
    <line>
      <![CDATA[21:33:03,804  INFO - Before click on [[FirefoxDriver: firefox on WINDOWS (2cd72450-74ca-46bb-a359-d3518fdcdd68)] -> xpath: //button[@class=' nb-button _nb-small-button b-dialog-upload__button-close ns-action js-hide']]
]]>
    </line>
    <line>
      <![CDATA[21:33:04,035  INFO - Before find By.xpath: //div[@title='9.txt']
]]>
    </line>
    <line>
      <![CDATA[21:33:04,296  INFO - Before find By.xpath: //div[@title='9.txt']
]]>
    </line>
    <line>
      <![CDATA[21:33:04,330  INFO - Before click on [[FirefoxDriver: firefox on WINDOWS (2cd72450-74ca-46bb-a359-d3518fdcdd68)] -> xpath: //div[@title='9.txt']]
]]>
    </line>
    <line>
      <![CDATA[21:33:04,538  INFO - Before find By.xpath: //button[@title='Скачать']
]]>
    </line>
    <line>
      <![CDATA[21:33:05,044  INFO - Before find By.xpath: //button[@title='Скачать']
]]>
    </line>
    <line>
      <![CDATA[21:33:05,078  INFO - Before click on [[FirefoxDriver: firefox on WINDOWS (2cd72450-74ca-46bb-a359-d3518fdcdd68)] -> xpath: //button[@title='Скачать']]
]]>
    </line>
    <line>
      <![CDATA[21:33:08,263  INFO - TEST FAILED uploadDownloadFileTest
]]>
    </line>
    <line>
      <![CDATA[21:33:08,586  INFO - Screenshot taken: file:///D:\EPAM\TAT2\logs\screenshots\258516032735152.png
]]>
    </line>
  </reporter-output>
  <suite name="Yandex disk test suite" duration-ms="244354" started-at="2016-11-02T18:29:05Z" finished-at="2016-11-02T18:33:09Z">
    <groups>
    </groups>
    <test name="Yandex disk tests" duration-ms="244354" started-at="2016-11-02T18:29:05Z" finished-at="2016-11-02T18:33:09Z">
      <class name="test.yandex.YandexDiskTest">
        <test-method status="PASS" signature="login()[pri:0, instance:test.yandex.YandexDiskTest@3a82f6ef]" name="login" is-config="true" duration-ms="54931" started-at="2016-11-02T21:29:06Z" finished-at="2016-11-02T21:30:00Z">
          <reporter-output>
            <line>
              <![CDATA[21:29:56,108  INFO - Browser navigate to https://www.yandex.by/
]]>
            </line>
            <line>
              <![CDATA[21:29:56,780  INFO - Screenshot taken: file:///D:\EPAM\TAT2\logs\screenshots\258323877603729.png
]]>
            </line>
            <line>
              <![CDATA[21:29:56,781  INFO - Before find By.xpath: //input[@name='login']
]]>
            </line>
            <line>
              <![CDATA[21:29:59,792  INFO - Before find By.xpath: //input[@name='passwd']
]]>
            </line>
            <line>
              <![CDATA[21:30:00,175  INFO - Before find By.xpath: //button[@class='button auth__button domik2__auth-button button_theme_bordergray button_size_m i-bem button_js_inited auth__button_color_yellow']
]]>
            </line>
            <line>
              <![CDATA[21:30:00,247  INFO - Before click on [[FirefoxDriver: firefox on WINDOWS (71ea1b51-b821-40b3-9296-9cb2663a26b0)] -> xpath: //button[@class='button auth__button domik2__auth-button button_theme_bordergray button_size_m i-bem button_js_inited auth__button_color_yellow']]
]]>
            </line>
          </reporter-output>
        </test-method> <!-- login -->
        <test-method status="PASS" signature="restoreTest()[pri:0, instance:test.yandex.YandexDiskTest@3a82f6ef]" name="restoreTest" duration-ms="29538" started-at="2016-11-02T21:30:00Z" finished-at="2016-11-02T21:30:30Z">
          <reporter-output>
            <line>
              <![CDATA[21:30:01,102  INFO - Before find By.xpath: //a[@data-id='disk']
]]>
            </line>
            <line>
              <![CDATA[21:30:04,648  INFO - Driver has exception org.openqa.selenium.NoSuchElementException: Unable to locate element: {"method":"xpath","selector":"//a[@data-id='disk']"}
Command duration or timeout: 3.49 seconds
For documentation on this error, please visit: http://seleniumhq.org/exceptions/no_such_element.html
Build info: version: '2.53.1', revision: 'a36b8b1cd5757287168e54b817830adce9b0158d', time: '2016-06-30 19:26:09'
System info: host: 'Magistr-PC', ip: '192.168.1.4', os.name: 'Windows 10', os.arch: 'amd64', os.version: '10.0', java.version: '1.8.0_101'
Driver info: org.openqa.selenium.firefox.FirefoxDriver
Capabilities [{applicationCacheEnabled=true, rotatable=false, handlesAlerts=true, databaseEnabled=true, version=47.0.1, platform=WINDOWS, nativeEvents=false, acceptSslCerts=true, webStorageEnabled=true, locationContextEnabled=true, browserName=firefox, takesScreenshot=true, javascriptEnabled=true, cssSelectorsEnabled=true}]
Session ID: 71ea1b51-b821-40b3-9296-9cb2663a26b0
*** Element info: {Using=xpath, value=//a[@data-id='disk']}
]]>
            </line>
            <line>
              <![CDATA[21:30:04,802  INFO - Screenshot taken: file:///D:\EPAM\TAT2\logs\screenshots\258332417395949.png
]]>
            </line>
            <line>
              <![CDATA[21:30:05,303  INFO - Before find By.xpath: //a[@data-id='disk']
]]>
            </line>
            <line>
              <![CDATA[21:30:06,375  INFO - Driver has exception org.openqa.selenium.NoSuchElementException: Unable to locate element: {"method":"xpath","selector":"//a[@data-id='disk']"}
Command duration or timeout: 1.07 seconds
For documentation on this error, please visit: http://seleniumhq.org/exceptions/no_such_element.html
Build info: version: '2.53.1', revision: 'a36b8b1cd5757287168e54b817830adce9b0158d', time: '2016-06-30 19:26:09'
System info: host: 'Magistr-PC', ip: '192.168.1.4', os.name: 'Windows 10', os.arch: 'amd64', os.version: '10.0', java.version: '1.8.0_101'
Driver info: org.openqa.selenium.firefox.FirefoxDriver
Capabilities [{applicationCacheEnabled=true, rotatable=false, handlesAlerts=true, databaseEnabled=true, version=47.0.1, platform=WINDOWS, nativeEvents=false, acceptSslCerts=true, webStorageEnabled=true, locationContextEnabled=true, browserName=firefox, takesScreenshot=true, javascriptEnabled=true, cssSelectorsEnabled=true}]
Session ID: 71ea1b51-b821-40b3-9296-9cb2663a26b0
*** Element info: {Using=xpath, value=//a[@data-id='disk']}
]]>
            </line>
            <line>
              <![CDATA[21:30:06,590  INFO - Screenshot taken: file:///D:\EPAM\TAT2\logs\screenshots\258334144279201.png
]]>
            </line>
            <line>
              <![CDATA[21:30:07,090  INFO - Before find By.xpath: //a[@data-id='disk']
]]>
            </line>
            <line>
              <![CDATA[21:30:09,564  INFO - Driver has exception org.openqa.selenium.NoSuchElementException: Unable to locate element: {"method":"xpath","selector":"//a[@data-id='disk']"}
Command duration or timeout: 2.47 seconds
For documentation on this error, please visit: http://seleniumhq.org/exceptions/no_such_element.html
Build info: version: '2.53.1', revision: 'a36b8b1cd5757287168e54b817830adce9b0158d', time: '2016-06-30 19:26:09'
System info: host: 'Magistr-PC', ip: '192.168.1.4', os.name: 'Windows 10', os.arch: 'amd64', os.version: '10.0', java.version: '1.8.0_101'
Driver info: org.openqa.selenium.firefox.FirefoxDriver
Capabilities [{applicationCacheEnabled=true, rotatable=false, handlesAlerts=true, databaseEnabled=true, version=47.0.1, platform=WINDOWS, nativeEvents=false, acceptSslCerts=true, webStorageEnabled=true, locationContextEnabled=true, browserName=firefox, takesScreenshot=true, javascriptEnabled=true, cssSelectorsEnabled=true}]
Session ID: 71ea1b51-b821-40b3-9296-9cb2663a26b0
*** Element info: {Using=xpath, value=//a[@data-id='disk']}
]]>
            </line>
            <line>
              <![CDATA[21:30:13,156  INFO - Screenshot taken: file:///D:\EPAM\TAT2\logs\screenshots\258337333326044.png
]]>
            </line>
            <line>
              <![CDATA[21:30:13,656  INFO - Before find By.xpath: //a[@data-id='disk']
]]>
            </line>
            <line>
              <![CDATA[21:30:13,782  INFO - Before find By.xpath: //a[@data-id='disk']
]]>
            </line>
            <line>
              <![CDATA[21:30:13,933  INFO - Before find By.xpath: //a[@data-id='disk']
]]>
            </line>
            <line>
              <![CDATA[21:30:14,287  INFO - Before find By.xpath: //input[@type='file']
]]>
            </line>
            <line>
              <![CDATA[21:30:18,710  INFO - Before find By.xpath: //input[@type='file']
]]>
            </line>
            <line>
              <![CDATA[21:30:19,573  INFO - Before find By.xpath: //button[@class=' nb-button _nb-small-button b-dialog-upload__button-close ns-action js-hide']
]]>
            </line>
            <line>
              <![CDATA[21:30:23,003  INFO - Before find By.xpath: //button[@class=' nb-button _nb-small-button b-dialog-upload__button-close ns-action js-hide']
]]>
            </line>
            <line>
              <![CDATA[21:30:23,554  INFO - Before find By.xpath: //button[@class=' nb-button _nb-small-button b-dialog-upload__button-close ns-action js-hide']
]]>
            </line>
            <line>
              <![CDATA[21:30:24,111  INFO - Before find By.xpath: //button[@class=' nb-button _nb-small-button b-dialog-upload__button-close ns-action js-hide']
]]>
            </line>
            <line>
              <![CDATA[21:30:24,688  INFO - Before find By.xpath: //button[@class=' nb-button _nb-small-button b-dialog-upload__button-close ns-action js-hide']
]]>
            </line>
            <line>
              <![CDATA[21:30:24,777  INFO - Before find By.xpath: //button[@class=' nb-button _nb-small-button b-dialog-upload__button-close ns-action js-hide']
]]>
            </line>
            <line>
              <![CDATA[21:30:24,825  INFO - Before click on [[FirefoxDriver: firefox on WINDOWS (71ea1b51-b821-40b3-9296-9cb2663a26b0)] -> xpath: //button[@class=' nb-button _nb-small-button b-dialog-upload__button-close ns-action js-hide']]
]]>
            </line>
            <line>
              <![CDATA[21:30:25,251  INFO - Before find By.xpath: //div[contains(text(), 'Корз')]
]]>
            </line>
            <line>
              <![CDATA[21:30:25,410  INFO - Before find By.xpath: //div[@title='57.txt']
]]>
            </line>
            <line>
              <![CDATA[21:30:25,478  INFO - Before find By.xpath: //div[contains(text(), 'Корз')]
]]>
            </line>
            <line>
              <![CDATA[21:30:26,351  INFO - Before find By.xpath: //div[contains(text(), 'Корз')]
]]>
            </line>
[...]
]]>
            </line>
            <line>
              <![CDATA[21:32:18,022  INFO - Before find By.xpath: //*[contains(text(), 'P7.txt')]
]]>
            </line>
            <line>
              <![CDATA[21:32:18,050  INFO - Before find By.xpath: //*[contains(text(), 'P7.txt')]
]]>
            </line>
            <line>
              <![CDATA[21:32:18,076  INFO - Before find By.xpath: //*[contains(text(), 'P7.txt')]
]]>
            </line>
            <line>
              <![CDATA[21:32:18,096  INFO - Before find By.xpath: //*[contains(text(), 'P7.txt')]
]]>
            </line>
            <line>
              <![CDATA[21:32:18,117  INFO - Before find By.xpath: //*[contains(text(), 'P7.txt')]
]]>
            </line>
            <line>
              <![CDATA[21:32:18,142  INFO - Before find By.xpath: //*[contains(text(), 'P7.txt')]
]]>
            </line>
            <line>
              <![CDATA[21:32:18,179  INFO - Before find By.xpath: //*[contains(text(), 'P7.txt')]
]]>
            </line>
            <line>
              <![CDATA[21:32:18,202  INFO - Before find By.xpath: //*[contains(text(), 'P7.txt')]
]]>
            </line>
            <line>
              <![CDATA[21:32:18,227  INFO - Before find By.xpath: //*[contains(text(), 'P7.txt')]
]]>
            </line>
            <line>
              <![CDATA[21:32:18,249  INFO - Before find By.xpath: //*[contains(text(), 'P7.txt')]
]]>
            </line>
            <line>
              <![CDATA[21:32:18,269  INFO - Before find By.xpath: //*[contains(text(), 'P7.txt')]
]]>
            </line>
            <line>
              <![CDATA[21:32:18,304  INFO - Before find By.xpath: //*[contains(text(), 'P7.txt')]
]]>
            </line>
            <line>
              <![CDATA[21:32:18,324  INFO - Before find By.xpath: //*[contains(text(), 'P7.txt')]
]]>
            </line>
            <line>
              <![CDATA[21:32:18,344  INFO - Before find By.xpath: //*[contains(text(), 'P7.txt')]
]]>
            </line>
            <line>
              <![CDATA[21:32:18,363  INFO - Before find By.xpath: //*[contains(text(), 'P7.txt')]
]]>
            </line>
            <line>
              <![CDATA[21:32:18,383  INFO - Before find By.xpath: //*[contains(text(), 'P7.txt')]
]]>
            </line>
            <line>
              <![CDATA[21:32:18,401  INFO - Before find By.xpath: //*[contains(text(), 'P7.txt')]
]]>
            </line>
            <line>
              <![CDATA[21:32:18,428  INFO - Before find By.xpath: //*[contains(text(), 'P7.txt')]
]]>
            </line>
            <line>
              <![CDATA[21:32:18,449  INFO - Before find By.xpath: //*[contains(text(), 'P7.txt')]
]]>
            </line>
            <line>
              <![CDATA[21:32:18,468  INFO - Before find By.xpath: //*[contains(text(), 'P7.txt')]
]]>
            </line>
            <line>
              <![CDATA[21:32:18,487  INFO - Before find By.xpath: //*[contains(text(), 'P7.txt')]
]]>
            </line>
            <line>
              <![CDATA[21:32:18,505  INFO - Before find By.xpath: //*[contains(text(), 'P7.txt')]
]]>
            </line>
            <line>
              <![CDATA[21:32:18,522  INFO - Before find By.xpath: //*[contains(text(), 'P7.txt')]
]]>
            </line>
            <line>
              <![CDATA[21:32:18,540  INFO - Before find By.xpath: //*[contains(text(), 'P7.txt')]
]]>
            </line>
            <line>
              <![CDATA[21:32:18,570  INFO - Before find By.xpath: //*[contains(text(), 'P7.txt')]
]]>
            </line>
            <line>
              <![CDATA[21:32:18,590  INFO - Before find By.xpath: //*[contains(text(), 'P7.txt')]
]]>
            </line>
            <line>
              <![CDATA[21:32:18,686  INFO - Before find By.xpath: //*[contains(text(), 'P7.txt')]
]]>
            </line>
            <line>
              <![CDATA[21:32:18,712  INFO - Before find By.xpath: //*[contains(text(), 'P7.txt')]
]]>
            </line>
            <line>
              <![CDATA[21:32:18,731  INFO - Before find By.xpath: //*[contains(text(), 'P7.txt')]
]]>
            </line>
            <line>
              <![CDATA[21:32:18,749  INFO - Before find By.xpath: //*[contains(text(), 'P7.txt')]
]]>
            </line>
            <line>
              <![CDATA[21:32:18,774  INFO - Before find By.xpath: //*[contains(text(), 'P7.txt')]
]]>
            </line>
            <line>
              <![CDATA[21:32:18,791  INFO - Before find By.xpath: //*[contains(text(), 'P7.txt')]
]]>
            </line>
            <line>
              <![CDATA[21:32:18,819  INFO - Before find By.xpath: //*[contains(text(), 'P7.txt')]
]]>
            </line>
            <line>
              <![CDATA[21:32:18,842  INFO - Before find By.xpath: //*[contains(text(), 'P7.txt')]
]]>
            </line>
            <line>
              <![CDATA[21:32:18,864  INFO - Before find By.xpath: //*[contains(text(), 'P7.txt')]
]]>
            </line>
            <line>
              <![CDATA[21:32:18,881  INFO - Before find By.xpath: //*[contains(text(), 'P7.txt')]
]]>
            </line>
            <line>
              <![CDATA[21:32:18,901  INFO - Before find By.xpath: //*[contains(text(), 'P7.txt')]
]]>
            </line>
            <line>
              <![CDATA[21:32:18,926  INFO - Before find By.xpath: //*[contains(text(), 'P7.txt')]
]]>
            </line>
            <line>
              <![CDATA[21:32:18,961  INFO - Before find By.xpath: //*[contains(text(), 'P7.txt')]
]]>
            </line>
            <line>
              <![CDATA[21:32:18,999  INFO - Before find By.xpath: //*[contains(text(), 'P7.txt')]
]]>
            </line>
            <line>
              <![CDATA[21:32:19,022  INFO - Before find By.xpath: //*[contains(text(), 'P7.txt')]
]]>
            </line>
            <line>
              <![CDATA[21:32:19,043  INFO - Before find By.xpath: //*[contains(text(), 'P7.txt')]
]]>
            </line>
            <line>
              <![CDATA[21:32:19,062  INFO - Before find By.xpath: //*[contains(text(), 'P7.txt')]
]]>
            </line>
            <line>
              <![CDATA[21:32:19,094  INFO - Before find By.xpath: //*[contains(text(), 'P7.txt')]
]]>
            </line>
            <line>
              <![CDATA[21:32:19,120  INFO - Before find By.xpath: //*[contains(text(), 'P7.txt')]
]]>
            </line>
            <line>
              <![CDATA[21:32:19,147  INFO - Before find By.xpath: //*[contains(text(), 'P7.txt')]
]]>
            </line>
            <line>
              <![CDATA[21:32:19,170  INFO - Before find By.xpath: //*[contains(text(), 'P7.txt')]
]]>
            </line>
            <line>
              <![CDATA[21:32:19,197  INFO - Before find By.xpath: //*[contains(text(), 'P7.txt')]
]]>
            </line>
            <line>
              <![CDATA[21:32:19,231  INFO - Before find By.xpath: //*[contains(text(), 'P7.txt')]
]]>
            </line>
            <line>
              <![CDATA[21:32:19,250  INFO - Before find By.xpath: //*[contains(text(), 'P7.txt')]
]]>
            </line>
            <line>
              <![CDATA[21:32:19,268  INFO - Before find By.xpath: //*[contains(text(), 'P7.txt')]
]]>
            </line>
            <line>
              <![CDATA[21:32:19,287  INFO - Before find By.xpath: //*[contains(text(), 'P7.txt')]
]]>
            </line>
            <line>
              <![CDATA[21:32:19,304  INFO - Before find By.xpath: //*[contains(text(), 'P7.txt')]
]]>
            </line>
            <line>
              <![CDATA[21:32:19,322  INFO - Before find By.xpath: //*[contains(text(), 'P7.txt')]
]]>
            </line>
            <line>
              <![CDATA[21:32:19,363  INFO - Before find By.xpath: //*[contains(text(), 'P7.txt')]
]]>
            </line>
            <line>
              <![CDATA[21:32:20,409  INFO - Before find By.xpath: //*[contains(text(), 'P7.txt')]
]]>
            </line>
          </reporter-output>
        </test-method> <!-- trashTest -->
        <test-method status="PASS" signature="quitBrowser()[pri:0, instance:test.yandex.YandexDiskTest@3a82f6ef]" name="quitBrowser" is-config="true" duration-ms="1104" started-at="2016-11-02T21:32:21Z" finished-at="2016-11-02T21:32:22Z">
          <reporter-output>
          </reporter-output>
        </test-method> <!-- quitBrowser -->
        <test-method status="PASS" signature="login()[pri:0, instance:test.yandex.YandexDiskTest@3a82f6ef]" name="login" is-config="true" duration-ms="21446" started-at="2016-11-02T21:32:22Z" finished-at="2016-11-02T21:32:43Z">
          <reporter-output>
            <line>
              <![CDATA[21:32:41,418  INFO - Browser navigate to https://www.yandex.by/
]]>
            </line>
            <line>
              <![CDATA[21:32:41,665  INFO - Screenshot taken: file:///D:\EPAM\TAT2\logs\screenshots\258489187223116.png
]]>
            </line>
            <line>
              <![CDATA[21:32:41,666  INFO - Before find By.xpath: //input[@name='login']
]]>
            </line>
            <line>
              <![CDATA[21:32:42,120  INFO - Before find By.xpath: //input[@name='passwd']
]]>
            </line>
            <line>
              <![CDATA[21:32:43,495  INFO - Before find By.xpath: //button[@class='button auth__button domik2__auth-button button_theme_bordergray button_size_m i-bem button_js_inited auth__button_color_yellow']
]]>
            </line>
            <line>
              <![CDATA[21:32:43,548  INFO - Before click on [[FirefoxDriver: firefox on WINDOWS (2cd72450-74ca-46bb-a359-d3518fdcdd68)] -> xpath: //button[@class='button auth__button domik2__auth-button button_theme_bordergray button_size_m i-bem button_js_inited auth__button_color_yellow']]
]]>
            </line>
          </reporter-output>
        </test-method> <!-- login -->
        <test-method status="FAIL" signature="uploadDownloadFileTest()[pri:0, instance:test.yandex.YandexDiskTest@3a82f6ef]" name="uploadDownloadFileTest" duration-ms="24274" started-at="2016-11-02T21:32:43Z" finished-at="2016-11-02T21:33:08Z">
          <exception class="java.lang.AssertionError">
            <message>
              <![CDATA[Upload file is not equal Download file expected [true] but found [false]]]>
            </message>
            <full-stacktrace>
              <![CDATA[java.lang.AssertionError: Upload file is not equal Download file expected [true] but found [false]
	at org.testng.Assert.fail(Assert.java:94)
	at org.testng.Assert.failNotEquals(Assert.java:513)
	at org.testng.Assert.assertTrue(Assert.java:42)
	at test.yandex.YandexDiskTest.uploadDownloadFileTest(YandexDiskTest.java:48)
	at sun.reflect.NativeMethodAccessorImpl.invoke0(Native Method)
	at sun.reflect.NativeMethodAccessorImpl.invoke(NativeMethodAccessorImpl.java:62)
	at sun.reflect.DelegatingMethodAccessorImpl.invoke(DelegatingMethodAccessorImpl.java:43)
	at java.lang.reflect.Method.invoke(Method.java:498)
	at org.testng.internal.MethodInvocationHelper.invokeMethod(MethodInvocationHelper.java:100)
	at org.testng.internal.Invoker.invokeMethod(Invoker.java:646)
	at org.testng.internal.Invoker.invokeTestMethod(Invoker.java:811)
	at org.testng.internal.Invoker.invokeTestMethods(Invoker.java:1137)
	at org.testng.internal.TestMethodWorker.invokeTestMethods(TestMethodWorker.java:129)
	at org.testng.internal.TestMethodWorker.run(TestMethodWorker.java:112)
	at org.testng.TestRunner.privateRun(TestRunner.java:753)
	at org.testng.TestRunner.run(TestRunner.java:607)
	at org.testng.SuiteRunner.runTest(SuiteRunner.java:368)
	at org.testng.SuiteRunner.runSequentially(SuiteRunner.java:363)
	at org.testng.SuiteRunner.privateRun(SuiteRunner.java:321)
	at org.testng.SuiteRunner.run(SuiteRunner.java:270)
	at org.testng.SuiteRunnerWorker.runSuite(SuiteRunnerWorker.java:52)
	at org.testng.SuiteRunnerWorker.run(SuiteRunnerWorker.java:86)
	at org.testng.TestNG.runSuitesSequentially(TestNG.java:1284)
	at org.testng.TestNG.runSuitesLocally(TestNG.java:1209)
	at org.testng.TestNG.runSuites(TestNG.java:1124)
	at org.testng.TestNG.run(TestNG.java:1096)
	at runner.Runner.main(Runner.java:24)
	at sun.reflect.NativeMethodAccessorImpl.invoke0(Native Method)
	at sun.reflect.NativeMethodAccessorImpl.invoke(NativeMethodAccessorImpl.java:62)
	at sun.reflect.DelegatingMethodAccessorImpl.invoke(DelegatingMethodAccessorImpl.java:43)
	at java.lang.reflect.Method.invoke(Method.java:498)
	at com.intellij.rt.execution.application.AppMain.main(AppMain.java:147)
]]>
            </full-stacktrace>
          </exception> <!-- java.lang.AssertionError -->
          <reporter-output>
            <line>
              <![CDATA[21:32:43,990  INFO - Before find By.xpath: //a[@data-id='disk']
]]>
            </line>
            <line>
              <![CDATA[21:32:47,215  INFO - Driver has exception org.openqa.selenium.NoSuchElementException: Unable to locate element: {"method":"xpath","selector":"//a[@data-id='disk']"}
Command duration or timeout: 3.22 seconds
For documentation on this error, please visit: http://seleniumhq.org/exceptions/no_such_element.html
Build info: version: '2.53.1', revision: 'a36b8b1cd5757287168e54b817830adce9b0158d', time: '2016-06-30 19:26:09'
System info: host: 'Magistr-PC', ip: '192.168.1.4', os.name: 'Windows 10', os.arch: 'amd64', os.version: '10.0', java.version: '1.8.0_101'
Driver info: org.openqa.selenium.firefox.FirefoxDriver
Capabilities [{applicationCacheEnabled=true, rotatable=false, handlesAlerts=true, databaseEnabled=true, version=47.0.1, platform=WINDOWS, nativeEvents=false, acceptSslCerts=true, webStorageEnabled=true, locationContextEnabled=true, browserName=firefox, takesScreenshot=true, javascriptEnabled=true, cssSelectorsEnabled=true}]
Session ID: 2cd72450-74ca-46bb-a359-d3518fdcdd68
*** Element info: {Using=xpath, value=//a[@data-id='disk']}
]]>
            </line>
            <line>
              <![CDATA[21:32:47,317  INFO - Screenshot taken: file:///D:\EPAM\TAT2\logs\screenshots\258494983915331.png
]]>
            </line>
            <line>
              <![CDATA[21:32:47,817  INFO - Before find By.xpath: //a[@data-id='disk']
]]>
            </line>
            <line>
              <![CDATA[21:32:48,880  INFO - Driver has exception org.openqa.selenium.NoSuchElementException: Unable to locate element: {"method":"xpath","selector":"//a[@data-id='disk']"}
Command duration or timeout: 1.06 seconds
For documentation on this error, please visit: http://seleniumhq.org/exceptions/no_such_element.html
Build info: version: '2.53.1', revision: 'a36b8b1cd5757287168e54b817830adce9b0158d', time: '2016-06-30 19:26:09'
System info: host: 'Magistr-PC', ip: '192.168.1.4', os.name: 'Windows 10', os.arch: 'amd64', os.version: '10.0', java.version: '1.8.0_101'
Driver info: org.openqa.selenium.firefox.FirefoxDriver
Capabilities [{applicationCacheEnabled=true, rotatable=false, handlesAlerts=true, databaseEnabled=true, version=47.0.1, platform=WINDOWS, nativeEvents=false, acceptSslCerts=true, webStorageEnabled=true, locationContextEnabled=true, browserName=firefox, takesScreenshot=true, javascriptEnabled=true, cssSelectorsEnabled=true}]
Session ID: 2cd72450-74ca-46bb-a359-d3518fdcdd68
*** Element info: {Using=xpath, value=//a[@data-id='disk']}
]]>
            </line>
            <line>
              <![CDATA[21:32:49,016  INFO - Screenshot taken: file:///D:\EPAM\TAT2\logs\screenshots\258496649300138.png
]]>
            </line>
            <line>
              <![CDATA[21:32:49,517  INFO - Before find By.xpath: //a[@data-id='disk']
]]>
            </line>
            <line>
              <![CDATA[21:32:51,253  INFO - Driver has exception org.openqa.selenium.NoSuchElementException: Unable to locate element: {"method":"xpath","selector":"//a[@data-id='disk']"}
Command duration or timeout: 1.73 seconds
For documentation on this error, please visit: http://seleniumhq.org/exceptions/no_such_element.html
Build info: version: '2.53.1', revision: 'a36b8b1cd5757287168e54b817830adce9b0158d', time: '2016-06-30 19:26:09'
System info: host: 'Magistr-PC', ip: '192.168.1.4', os.name: 'Windows 10', os.arch: 'amd64', os.version: '10.0', java.version: '1.8.0_101'
Driver info: org.openqa.selenium.firefox.FirefoxDriver
Capabilities [{applicationCacheEnabled=true, rotatable=false, handlesAlerts=true, databaseEnabled=true, version=47.0.1, platform=WINDOWS, nativeEvents=false, acceptSslCerts=true, webStorageEnabled=true, locationContextEnabled=true, browserName=firefox, takesScreenshot=true, javascriptEnabled=true, cssSelectorsEnabled=true}]
Session ID: 2cd72450-74ca-46bb-a359-d3518fdcdd68
*** Element info: {Using=xpath, value=//a[@data-id='disk']}
]]>
            </line>
            <line>
              <![CDATA[21:32:54,056  INFO - Screenshot taken: file:///D:\EPAM\TAT2\logs\screenshots\258499022956105.png
]]>
            </line>
            <line>
              <![CDATA[21:32:54,557  INFO - Before find By.xpath: //a[@data-id='disk']
]]>
            </line>
            <line>
              <![CDATA[21:32:54,602  INFO - Before find By.xpath: //a[@data-id='disk']
]]>
            </line>
            <line>
              <![CDATA[21:32:54,643  INFO - Before find By.xpath: //a[@data-id='disk']
]]>
            </line>
            <line>
              <![CDATA[21:32:54,948  INFO - Before find By.xpath: //input[@type='file']
]]>
            </line>
            <line>
              <![CDATA[21:32:59,277  INFO - Before find By.xpath: //input[@type='file']
]]>
            </line>
            <line>
              <![CDATA[21:32:59,741  INFO - Before find By.xpath: //button[@class=' nb-button _nb-small-button b-dialog-upload__button-close ns-action js-hide']
]]>
            </line>
            <line>
              <![CDATA[21:33:03,708  INFO - Before find By.xpath: //button[@class=' nb-button _nb-small-button b-dialog-upload__button-close ns-action js-hide']
]]>
            </line>
            <line>
              <![CDATA[21:33:03,804  INFO - Before click on [[FirefoxDriver: firefox on WINDOWS (2cd72450-74ca-46bb-a359-d3518fdcdd68)] -> xpath: //button[@class=' nb-button _nb-small-button b-dialog-upload__button-close ns-action js-hide']]
]]>
            </line>
            <line>
              <![CDATA[21:33:04,035  INFO - Before find By.xpath: //div[@title='9.txt']
]]>
            </line>
            <line>
              <![CDATA[21:33:04,296  INFO - Before find By.xpath: //div[@title='9.txt']
]]>
            </line>
            <line>
              <![CDATA[21:33:04,330  INFO - Before click on [[FirefoxDriver: firefox on WINDOWS (2cd72450-74ca-46bb-a359-d3518fdcdd68)] -> xpath: //div[@title='9.txt']]
]]>
            </line>
            <line>
              <![CDATA[21:33:04,538  INFO - Before find By.xpath: //button[@title='Скачать']
]]>
            </line>
            <line>
              <![CDATA[21:33:05,044  INFO - Before find By.xpath: //button[@title='Скачать']
]]>
            </line>
            <line>
              <![CDATA[21:33:05,078  INFO - Before click on [[FirefoxDriver: firefox on WINDOWS (2cd72450-74ca-46bb-a359-d3518fdcdd68)] -> xpath: //button[@title='Скачать']]
]]>
            </line>
            <line>
              <![CDATA[21:33:08,263  INFO - TEST FAILED uploadDownloadFileTest
]]>
            </line>
            <line>
              <![CDATA[21:33:08,586  INFO - Screenshot taken: file:///D:\EPAM\TAT2\logs\screenshots\258516032735152.png
]]>
            </line>
          </reporter-output>
        </test-method> <!-- uploadDownloadFileTest -->
        <test-method status="PASS" signature="quitBrowser()[pri:0, instance:test.yandex.YandexDiskTest@3a82f6ef]" name="quitBrowser" is-config="true" duration-ms="1360" started-at="2016-11-02T21:33:08Z" finished-at="2016-11-02T21:33:09Z">
          <reporter-output>
          </reporter-output>
        </test-method> <!-- quitBrowser -->
      </class> <!-- test.yandex.YandexDiskTest -->
    </test> <!-- Yandex disk tests -->
  </suite> <!-- Yandex disk test suite -->
</testng-results>
