<?xml version="1.0" encoding="UTF-8"?>
<!-- Generated by org.testng.reporters.JUnitXMLReporter -->
<testsuite hostname="Magistr-PC" name="cam.epam.unit_testing.core" tests="11" failures="0" timestamp="8 Oct 2016 19:21:44 GMT" time="406.127" errors="0">
  <testcase name="loginToMailWithCorrectPasswordTest" time="22.132" classname="test.mail.LoginTest"/>
  <testcase name="loginToMailWithInCorrectPasswordTest" time="8.459" classname="test.mail.LoginTest"/>
  <testcase name="loginToMailWithInCorrectPasswordTest" time="8.199" classname="test.mail.LoginTest"/>
  <testcase name="loginToMailWithInCorrectPasswordTest" time="7.425" classname="test.mail.LoginTest"/>
  <testcase name="loginToMailWithInCorrectPasswordTest" time="7.858" classname="test.mail.LoginTest"/>
  <testcase name="loginToMailWithInCorrectPasswordTest" time="8.237" classname="test.mail.LoginTest"/>
  <testcase name="draftMailTest" time="34.818" classname="test.mail.SendMailTest"/>
  <testcase name="sendMailWithAllAttributesAndCheckItInInboxTest" time="31.037" classname="test.mail.SendMailTest"/>
  <testcase name="sendMailWithAllAttributesAndCheckItInSendTest" time="30.794" classname="test.mail.SendMailTest"/>
  <testcase name="sendMailWithoutAddressTest" time="16.899" classname="test.mail.SendMailTest"/>
  <testcase name="sendMailWithoutSubjectAndBodyTest" time="40.889" classname="test.mail.SendMailTest"/>
</testsuite> <!-- cam.epam.unit_testing.core -->
