<?xml version="1.0" encoding="UTF-8"?>
<testng-results skipped="0" failed="0" total="11" passed="11">
  <reporter-output>
  </reporter-output>
  <suite name="Default Suite" duration-ms="406127" started-at="2016-10-08T19:14:58Z" finished-at="2016-10-08T19:21:44Z">
    <groups>
    </groups>
    <test name="cam.epam.unit_testing.core" duration-ms="406127" started-at="2016-10-08T19:14:58Z" finished-at="2016-10-08T19:21:44Z">
      <class name="test.mail.SendMailTest">
        <test-method status="PASS" signature="setUpDriverAndLogin()[pri:0, instance:test.mail.SendMailTest@5b464ce8]" name="setUpDriverAndLogin" is-config="true" duration-ms="12174" started-at="2016-10-08T22:17:30Z" finished-at="2016-10-08T22:17:42Z">
          <reporter-output>
          </reporter-output>
        </test-method> <!-- setUpDriverAndLogin -->
        <test-method status="PASS" signature="draftMailTest()[pri:0, instance:test.mail.SendMailTest@5b464ce8]" name="draftMailTest" duration-ms="34818" started-at="2016-10-08T22:17:42Z" finished-at="2016-10-08T22:18:17Z">
          <reporter-output>
          </reporter-output>
        </test-method> <!-- draftMailTest -->
        <test-method status="PASS" signature="killDriver()[pri:0, instance:test.mail.SendMailTest@5b464ce8]" name="killDriver" is-config="true" duration-ms="1247" started-at="2016-10-08T22:18:17Z" finished-at="2016-10-08T22:18:18Z">
          <reporter-output>
          </reporter-output>
        </test-method> <!-- killDriver -->
        <test-method status="PASS" signature="setUpDriverAndLogin()[pri:0, instance:test.mail.SendMailTest@5b464ce8]" name="setUpDriverAndLogin" is-config="true" duration-ms="19650" started-at="2016-10-08T22:18:18Z" finished-at="2016-10-08T22:18:38Z">
          <reporter-output>
          </reporter-output>
        </test-method> <!-- setUpDriverAndLogin -->
        <test-method status="PASS" signature="sendMailWithAllAttributesAndCheckItInInboxTest()[pri:0, instance:test.mail.SendMailTest@5b464ce8]" name="sendMailWithAllAttributesAndCheckItInInboxTest" duration-ms="31037" started-at="2016-10-08T22:18:38Z" finished-at="2016-10-08T22:19:09Z">
          <reporter-output>
          </reporter-output>
        </test-method> <!-- sendMailWithAllAttributesAndCheckItInInboxTest -->
        <test-method status="PASS" signature="killDriver()[pri:0, instance:test.mail.SendMailTest@5b464ce8]" name="killDriver" is-config="true" duration-ms="1342" started-at="2016-10-08T22:19:09Z" finished-at="2016-10-08T22:19:10Z">
          <reporter-output>
          </reporter-output>
        </test-method> <!-- killDriver -->
        <test-method status="PASS" signature="setUpDriverAndLogin()[pri:0, instance:test.mail.SendMailTest@5b464ce8]" name="setUpDriverAndLogin" is-config="true" duration-ms="26268" started-at="2016-10-08T22:19:10Z" finished-at="2016-10-08T22:19:36Z">
          <reporter-output>
          </reporter-output>
        </test-method> <!-- setUpDriverAndLogin -->
        <test-method status="PASS" signature="sendMailWithAllAttributesAndCheckItInSendTest()[pri:0, instance:test.mail.SendMailTest@5b464ce8]" name="sendMailWithAllAttributesAndCheckItInSendTest" duration-ms="30794" started-at="2016-10-08T22:19:36Z" finished-at="2016-10-08T22:20:07Z">
          <reporter-output>
          </reporter-output>
        </test-method> <!-- sendMailWithAllAttributesAndCheckItInSendTest -->
        <test-method status="PASS" signature="killDriver()[pri:0, instance:test.mail.SendMailTest@5b464ce8]" name="killDriver" is-config="true" duration-ms="1628" started-at="2016-10-08T22:20:07Z" finished-at="2016-10-08T22:20:09Z">
          <reporter-output>
          </reporter-output>
        </test-method> <!-- killDriver -->
        <test-method status="PASS" signature="setUpDriverAndLogin()[pri:0, instance:test.mail.SendMailTest@5b464ce8]" name="setUpDriverAndLogin" is-config="true" duration-ms="18074" started-at="2016-10-08T22:20:09Z" finished-at="2016-10-08T22:20:27Z">
          <reporter-output>
          </reporter-output>
        </test-method> <!-- setUpDriverAndLogin -->
        <test-method status="PASS" signature="sendMailWithoutAddressTest()[pri:0, instance:test.mail.SendMailTest@5b464ce8]" name="sendMailWithoutAddressTest" duration-ms="16899" started-at="2016-10-08T22:20:27Z" finished-at="2016-10-08T22:20:44Z">
          <reporter-output>
          </reporter-output>
        </test-method> <!-- sendMailWithoutAddressTest -->
        <test-method status="PASS" signature="killDriver()[pri:0, instance:test.mail.SendMailTest@5b464ce8]" name="killDriver" is-config="true" duration-ms="2139" started-at="2016-10-08T22:20:44Z" finished-at="2016-10-08T22:20:46Z">
          <reporter-output>
          </reporter-output>
        </test-method> <!-- killDriver -->
        <test-method status="PASS" signature="setUpDriverAndLogin()[pri:0, instance:test.mail.SendMailTest@5b464ce8]" name="setUpDriverAndLogin" is-config="true" duration-ms="16624" started-at="2016-10-08T22:20:46Z" finished-at="2016-10-08T22:21:02Z">
          <reporter-output>
          </reporter-output>
        </test-method> <!-- setUpDriverAndLogin -->
        <test-method status="PASS" signature="sendMailWithoutSubjectAndBodyTest()[pri:0, instance:test.mail.SendMailTest@5b464ce8]" name="sendMailWithoutSubjectAndBodyTest" duration-ms="40889" started-at="2016-10-08T22:21:02Z" finished-at="2016-10-08T22:21:43Z">
          <reporter-output>
          </reporter-output>
        </test-method> <!-- sendMailWithoutSubjectAndBodyTest -->
        <test-method status="PASS" signature="killDriver()[pri:0, instance:test.mail.SendMailTest@5b464ce8]" name="killDriver" is-config="true" duration-ms="1028" started-at="2016-10-08T22:21:43Z" finished-at="2016-10-08T22:21:44Z">
          <reporter-output>
          </reporter-output>
        </test-method> <!-- killDriver -->
      </class> <!-- test.mail.SendMailTest -->
      <class name="test.mail.LoginTest">
        <test-method status="PASS" signature="setUpDriver()[pri:0, instance:test.mail.LoginTest@30c7da1e]" name="setUpDriver" is-config="true" duration-ms="21777" started-at="2016-10-08T22:14:58Z" finished-at="2016-10-08T22:15:20Z">
          <reporter-output>
          </reporter-output>
        </test-method> <!-- setUpDriver -->
        <test-method status="PASS" signature="loginToMailWithCorrectPasswordTest()[pri:0, instance:test.mail.LoginTest@30c7da1e]" name="loginToMailWithCorrectPasswordTest" duration-ms="22132" started-at="2016-10-08T22:15:20Z" finished-at="2016-10-08T22:15:42Z">
          <reporter-output>
          </reporter-output>
        </test-method> <!-- loginToMailWithCorrectPasswordTest -->
        <test-method status="PASS" signature="killDriver()[pri:0, instance:test.mail.LoginTest@30c7da1e]" name="killDriver" is-config="true" duration-ms="1331" started-at="2016-10-08T22:15:42Z" finished-at="2016-10-08T22:15:44Z">
          <reporter-output>
          </reporter-output>
        </test-method> <!-- killDriver -->
        <test-method status="PASS" signature="setUpDriver()[pri:0, instance:test.mail.LoginTest@30c7da1e]" name="setUpDriver" is-config="true" duration-ms="14219" started-at="2016-10-08T22:15:44Z" finished-at="2016-10-08T22:15:58Z">
          <reporter-output>
          </reporter-output>
        </test-method> <!-- setUpDriver -->
        <test-method status="PASS" signature="loginToMailWithInCorrectPasswordTest(java.lang.String, java.lang.String)[pri:0, instance:test.mail.LoginTest@30c7da1e]" name="loginToMailWithInCorrectPasswordTest" duration-ms="8459" started-at="2016-10-08T22:15:58Z" data-provider="Data for incorrect login" finished-at="2016-10-08T22:16:06Z">
          <params>
            <param index="0">
              <value>
                <![CDATA[sfgsdjgsdg93256^*%]]>
              </value>
            </param>
            <param index="1">
              <value>
                <![CDATA[!@#$%^&*]]>
              </value>
            </param>
          </params>
          <reporter-output>
          </reporter-output>
        </test-method> <!-- loginToMailWithInCorrectPasswordTest -->
        <test-method status="PASS" signature="killDriver()[pri:0, instance:test.mail.LoginTest@30c7da1e]" name="killDriver" is-config="true" duration-ms="617" started-at="2016-10-08T22:16:06Z" finished-at="2016-10-08T22:16:07Z">
          <reporter-output>
          </reporter-output>
        </test-method> <!-- killDriver -->
        <test-method status="PASS" signature="setUpDriver()[pri:0, instance:test.mail.LoginTest@30c7da1e]" name="setUpDriver" is-config="true" duration-ms="11346" started-at="2016-10-08T22:16:07Z" finished-at="2016-10-08T22:16:18Z">
          <reporter-output>
          </reporter-output>
        </test-method> <!-- setUpDriver -->
        <test-method status="PASS" signature="loginToMailWithInCorrectPasswordTest(java.lang.String, java.lang.String)[pri:0, instance:test.mail.LoginTest@30c7da1e]" name="loginToMailWithInCorrectPasswordTest" duration-ms="8199" started-at="2016-10-08T22:16:18Z" data-provider="Data for incorrect login" finished-at="2016-10-08T22:16:26Z">
          <params>
            <param index="0">
              <value>
                <![CDATA[甲骨文]]>
              </value>
            </param>
            <param index="1">
              <value>
                <![CDATA[oew634925]]>
              </value>
            </param>
          </params>
          <reporter-output>
          </reporter-output>
        </test-method> <!-- loginToMailWithInCorrectPasswordTest -->
        <test-method status="PASS" signature="killDriver()[pri:0, instance:test.mail.LoginTest@30c7da1e]" name="killDriver" is-config="true" duration-ms="841" started-at="2016-10-08T22:16:26Z" finished-at="2016-10-08T22:16:27Z">
          <reporter-output>
          </reporter-output>
        </test-method> <!-- killDriver -->
        <test-method status="PASS" signature="setUpDriver()[pri:0, instance:test.mail.LoginTest@30c7da1e]" name="setUpDriver" is-config="true" duration-ms="11768" started-at="2016-10-08T22:16:27Z" finished-at="2016-10-08T22:16:39Z">
          <reporter-output>
          </reporter-output>
        </test-method> <!-- setUpDriver -->
        <test-method status="PASS" signature="loginToMailWithInCorrectPasswordTest(java.lang.String, java.lang.String)[pri:0, instance:test.mail.LoginTest@30c7da1e]" name="loginToMailWithInCorrectPasswordTest" duration-ms="7425" started-at="2016-10-08T22:16:39Z" data-provider="Data for incorrect login" finished-at="2016-10-08T22:16:46Z">
          <params>
            <param index="0">
              <value>
                <![CDATA[magistr-dante@mail.ru]]>
              </value>
            </param>
            <param index="1">
              <value>
                <![CDATA[甲骨文]]>
              </value>
            </param>
          </params>
          <reporter-output>
          </reporter-output>
        </test-method> <!-- loginToMailWithInCorrectPasswordTest -->
        <test-method status="PASS" signature="killDriver()[pri:0, instance:test.mail.LoginTest@30c7da1e]" name="killDriver" is-config="true" duration-ms="866" started-at="2016-10-08T22:16:46Z" finished-at="2016-10-08T22:16:47Z">
          <reporter-output>
          </reporter-output>
        </test-method> <!-- killDriver -->
        <test-method status="PASS" signature="setUpDriver()[pri:0, instance:test.mail.LoginTest@30c7da1e]" name="setUpDriver" is-config="true" duration-ms="12733" started-at="2016-10-08T22:16:47Z" finished-at="2016-10-08T22:17:00Z">
          <reporter-output>
          </reporter-output>
        </test-method> <!-- setUpDriver -->
        <test-method status="PASS" signature="loginToMailWithInCorrectPasswordTest(java.lang.String, java.lang.String)[pri:0, instance:test.mail.LoginTest@30c7da1e]" name="loginToMailWithInCorrectPasswordTest" duration-ms="7858" started-at="2016-10-08T22:17:00Z" data-provider="Data for incorrect login" finished-at="2016-10-08T22:17:08Z">
          <params>
            <param index="0">
              <value>
                <![CDATA[甲骨文]]>
              </value>
            </param>
            <param index="1">
              <value>
                <![CDATA[09052011mail.ru]]>
              </value>
            </param>
          </params>
          <reporter-output>
          </reporter-output>
        </test-method> <!-- loginToMailWithInCorrectPasswordTest -->
        <test-method status="PASS" signature="killDriver()[pri:0, instance:test.mail.LoginTest@30c7da1e]" name="killDriver" is-config="true" duration-ms="844" started-at="2016-10-08T22:17:08Z" finished-at="2016-10-08T22:17:09Z">
          <reporter-output>
          </reporter-output>
        </test-method> <!-- killDriver -->
        <test-method status="PASS" signature="setUpDriver()[pri:0, instance:test.mail.LoginTest@30c7da1e]" name="setUpDriver" is-config="true" duration-ms="11986" started-at="2016-10-08T22:17:09Z" finished-at="2016-10-08T22:17:21Z">
          <reporter-output>
          </reporter-output>
        </test-method> <!-- setUpDriver -->
        <test-method status="PASS" signature="loginToMailWithInCorrectPasswordTest(java.lang.String, java.lang.String)[pri:0, instance:test.mail.LoginTest@30c7da1e]" name="loginToMailWithInCorrectPasswordTest" duration-ms="8237" started-at="2016-10-08T22:17:21Z" data-provider="Data for incorrect login" finished-at="2016-10-08T22:17:29Z">
          <params>
            <param index="0">
              <value>
                <![CDATA[123456789012345678901234lsdughldgldsfgsdjg234234234234234234234]]>
              </value>
            </param>
            <param index="1">
              <value>
                <![CDATA[123456789012345678901234lsdughldgldsfgsdjg234234234234234234234]]>
              </value>
            </param>
          </params>
          <reporter-output>
          </reporter-output>
        </test-method> <!-- loginToMailWithInCorrectPasswordTest -->
        <test-method status="PASS" signature="killDriver()[pri:0, instance:test.mail.LoginTest@30c7da1e]" name="killDriver" is-config="true" duration-ms="815" started-at="2016-10-08T22:17:29Z" finished-at="2016-10-08T22:17:30Z">
          <reporter-output>
          </reporter-output>
        </test-method> <!-- killDriver -->
      </class> <!-- test.mail.LoginTest -->
    </test> <!-- cam.epam.unit_testing.core -->
  </suite> <!-- Default Suite -->
</testng-results>
